[debug] [2025-06-04T12:41:11.252Z] ----------------------------------------------------------------------
[debug] [2025-06-04T12:41:11.256Z] Command:       /usr/local/bin/node /usr/local/bin/firebase deploy --only functions
[debug] [2025-06-04T12:41:11.256Z] CLI Version:   14.3.0
[debug] [2025-06-04T12:41:11.256Z] Platform:      darwin
[debug] [2025-06-04T12:41:11.257Z] Node Version:  v22.16.0
[debug] [2025-06-04T12:41:11.257Z] Time:          Wed Jun 04 2025 18:11:11 GMT+0530 (India Standard Time)
[debug] [2025-06-04T12:41:11.257Z] ----------------------------------------------------------------------
[debug] 
[debug] [2025-06-04T12:41:11.422Z] > command requires scopes: ["email","openid","https://www.googleapis.com/auth/cloudplatformprojects.readonly","https://www.googleapis.com/auth/firebase","https://www.googleapis.com/auth/cloud-platform"]
[debug] [2025-06-04T12:41:11.423Z] > authorizing via signed-in user (sandeepsharma553@gmail.com)
[debug] [2025-06-04T12:41:11.423Z] [iam] checking project mymor-one for permissions ["cloudfunctions.functions.create","cloudfunctions.functions.delete","cloudfunctions.functions.get","cloudfunctions.functions.list","cloudfunctions.functions.update","cloudfunctions.operations.get","firebase.projects.get"]
[debug] [2025-06-04T12:41:11.424Z] Checked if tokens are valid: true, expires at: 1749043869902
[debug] [2025-06-04T12:41:11.424Z] Checked if tokens are valid: true, expires at: 1749043869902
[debug] [2025-06-04T12:41:11.425Z] >>> [apiv2][query] POST https://cloudresourcemanager.googleapis.com/v1/projects/mymor-one:testIamPermissions [none]
[debug] [2025-06-04T12:41:11.425Z] >>> [apiv2][(partial)header] POST https://cloudresourcemanager.googleapis.com/v1/projects/mymor-one:testIamPermissions x-goog-quota-user=projects/mymor-one
[debug] [2025-06-04T12:41:11.425Z] >>> [apiv2][body] POST https://cloudresourcemanager.googleapis.com/v1/projects/mymor-one:testIamPermissions {"permissions":["cloudfunctions.functions.create","cloudfunctions.functions.delete","cloudfunctions.functions.get","cloudfunctions.functions.list","cloudfunctions.functions.update","cloudfunctions.operations.get","firebase.projects.get"]}
[debug] [2025-06-04T12:41:13.008Z] <<< [apiv2][status] POST https://cloudresourcemanager.googleapis.com/v1/projects/mymor-one:testIamPermissions 200
[debug] [2025-06-04T12:41:13.008Z] <<< [apiv2][body] POST https://cloudresourcemanager.googleapis.com/v1/projects/mymor-one:testIamPermissions {"permissions":["cloudfunctions.functions.create","cloudfunctions.functions.delete","cloudfunctions.functions.get","cloudfunctions.functions.list","cloudfunctions.functions.update","cloudfunctions.operations.get","firebase.projects.get"]}
[debug] [2025-06-04T12:41:13.008Z] Checked if tokens are valid: true, expires at: 1749043869902
[debug] [2025-06-04T12:41:13.008Z] Checked if tokens are valid: true, expires at: 1749043869902
[debug] [2025-06-04T12:41:13.008Z] >>> [apiv2][query] POST https://iam.googleapis.com/v1/projects/mymor-one/serviceAccounts/mymor-one@appspot.gserviceaccount.com:testIamPermissions [none]
[debug] [2025-06-04T12:41:13.008Z] >>> [apiv2][body] POST https://iam.googleapis.com/v1/projects/mymor-one/serviceAccounts/mymor-one@appspot.gserviceaccount.com:testIamPermissions {"permissions":["iam.serviceAccounts.actAs"]}
[debug] [2025-06-04T12:41:14.757Z] <<< [apiv2][status] POST https://iam.googleapis.com/v1/projects/mymor-one/serviceAccounts/mymor-one@appspot.gserviceaccount.com:testIamPermissions 200
[debug] [2025-06-04T12:41:14.757Z] <<< [apiv2][body] POST https://iam.googleapis.com/v1/projects/mymor-one/serviceAccounts/mymor-one@appspot.gserviceaccount.com:testIamPermissions {"permissions":["iam.serviceAccounts.actAs"]}
[info] 
[info] === Deploying to 'mymor-one'...
[info] 
[info] i  deploying functions 
[info] Running command: npm --prefix "$RESOURCE_DIR" run lint
[info] ✔  functions: Finished running predeploy script. 
[debug] [2025-06-04T12:41:15.832Z] Checked if tokens are valid: true, expires at: 1749043869902
[debug] [2025-06-04T12:41:15.833Z] Checked if tokens are valid: true, expires at: 1749043869902
[debug] [2025-06-04T12:41:15.833Z] >>> [apiv2][query] GET https://serviceusage.googleapis.com/v1/projects/mymor-one/services/cloudresourcemanager.googleapis.com [none]
[debug] [2025-06-04T12:41:15.833Z] >>> [apiv2][(partial)header] GET https://serviceusage.googleapis.com/v1/projects/mymor-one/services/cloudresourcemanager.googleapis.com x-goog-quota-user=projects/mymor-one
[debug] [2025-06-04T12:41:17.857Z] <<< [apiv2][status] GET https://serviceusage.googleapis.com/v1/projects/mymor-one/services/cloudresourcemanager.googleapis.com 200
[debug] [2025-06-04T12:41:17.857Z] <<< [apiv2][body] GET https://serviceusage.googleapis.com/v1/projects/mymor-one/services/cloudresourcemanager.googleapis.com [omitted]
[debug] [2025-06-04T12:41:17.857Z] Checked if tokens are valid: true, expires at: 1749043869902
[debug] [2025-06-04T12:41:17.857Z] Checked if tokens are valid: true, expires at: 1749043869902
[debug] [2025-06-04T12:41:17.857Z] >>> [apiv2][query] GET https://cloudresourcemanager.googleapis.com/v1/projects/mymor-one [none]
[debug] [2025-06-04T12:41:18.211Z] <<< [apiv2][status] GET https://cloudresourcemanager.googleapis.com/v1/projects/mymor-one 200
[debug] [2025-06-04T12:41:18.211Z] <<< [apiv2][body] GET https://cloudresourcemanager.googleapis.com/v1/projects/mymor-one {"projectNumber":"368272892719","projectId":"mymor-one","lifecycleState":"ACTIVE","name":"mymor One","labels":{"firebase":"enabled","firebase-core":"disabled"},"createTime":"2025-04-02T12:26:19.989860Z"}
[info] i  functions: preparing codebase default for deployment 
[info] i  functions: ensuring required API cloudfunctions.googleapis.com is enabled... 
[debug] [2025-06-04T12:41:18.212Z] Checked if tokens are valid: true, expires at: 1749043869902
[debug] [2025-06-04T12:41:18.213Z] Checked if tokens are valid: true, expires at: 1749043869902
[debug] [2025-06-04T12:41:18.213Z] Checked if tokens are valid: true, expires at: 1749043869902
[debug] [2025-06-04T12:41:18.213Z] Checked if tokens are valid: true, expires at: 1749043869902
[info] i  functions: ensuring required API cloudbuild.googleapis.com is enabled... 
[debug] [2025-06-04T12:41:18.213Z] Checked if tokens are valid: true, expires at: 1749043869902
[debug] [2025-06-04T12:41:18.213Z] Checked if tokens are valid: true, expires at: 1749043869902
[info] i  artifactregistry: ensuring required API artifactregistry.googleapis.com is enabled... 
[debug] [2025-06-04T12:41:18.213Z] Checked if tokens are valid: true, expires at: 1749043869902
[debug] [2025-06-04T12:41:18.213Z] Checked if tokens are valid: true, expires at: 1749043869902
[debug] [2025-06-04T12:41:18.214Z] >>> [apiv2][query] GET https://serviceusage.googleapis.com/v1/projects/mymor-one/services/cloudfunctions.googleapis.com [none]
[debug] [2025-06-04T12:41:18.214Z] >>> [apiv2][(partial)header] GET https://serviceusage.googleapis.com/v1/projects/mymor-one/services/cloudfunctions.googleapis.com x-goog-quota-user=projects/mymor-one
[debug] [2025-06-04T12:41:18.214Z] >>> [apiv2][query] GET https://serviceusage.googleapis.com/v1/projects/mymor-one/services/runtimeconfig.googleapis.com [none]
[debug] [2025-06-04T12:41:18.214Z] >>> [apiv2][(partial)header] GET https://serviceusage.googleapis.com/v1/projects/mymor-one/services/runtimeconfig.googleapis.com x-goog-quota-user=projects/mymor-one
[debug] [2025-06-04T12:41:18.216Z] >>> [apiv2][query] GET https://serviceusage.googleapis.com/v1/projects/mymor-one/services/cloudbuild.googleapis.com [none]
[debug] [2025-06-04T12:41:18.216Z] >>> [apiv2][(partial)header] GET https://serviceusage.googleapis.com/v1/projects/mymor-one/services/cloudbuild.googleapis.com x-goog-quota-user=projects/mymor-one
[debug] [2025-06-04T12:41:18.219Z] >>> [apiv2][query] GET https://serviceusage.googleapis.com/v1/projects/mymor-one/services/artifactregistry.googleapis.com [none]
[debug] [2025-06-04T12:41:18.219Z] >>> [apiv2][(partial)header] GET https://serviceusage.googleapis.com/v1/projects/mymor-one/services/artifactregistry.googleapis.com x-goog-quota-user=projects/mymor-one
[debug] [2025-06-04T12:41:18.633Z] <<< [apiv2][status] GET https://serviceusage.googleapis.com/v1/projects/mymor-one/services/cloudfunctions.googleapis.com 200
[debug] [2025-06-04T12:41:18.633Z] <<< [apiv2][body] GET https://serviceusage.googleapis.com/v1/projects/mymor-one/services/cloudfunctions.googleapis.com [omitted]
[info] ✔  functions: required API cloudfunctions.googleapis.com is enabled 
[debug] [2025-06-04T12:41:20.141Z] <<< [apiv2][status] GET https://serviceusage.googleapis.com/v1/projects/mymor-one/services/runtimeconfig.googleapis.com 200
[debug] [2025-06-04T12:41:20.141Z] <<< [apiv2][body] GET https://serviceusage.googleapis.com/v1/projects/mymor-one/services/runtimeconfig.googleapis.com [omitted]
[debug] [2025-06-04T12:41:20.152Z] <<< [apiv2][status] GET https://serviceusage.googleapis.com/v1/projects/mymor-one/services/cloudbuild.googleapis.com 200
[debug] [2025-06-04T12:41:20.152Z] <<< [apiv2][body] GET https://serviceusage.googleapis.com/v1/projects/mymor-one/services/cloudbuild.googleapis.com [omitted]
[info] ✔  functions: required API cloudbuild.googleapis.com is enabled 
[debug] [2025-06-04T12:41:20.167Z] <<< [apiv2][status] GET https://serviceusage.googleapis.com/v1/projects/mymor-one/services/artifactregistry.googleapis.com 200
[debug] [2025-06-04T12:41:20.167Z] <<< [apiv2][body] GET https://serviceusage.googleapis.com/v1/projects/mymor-one/services/artifactregistry.googleapis.com [omitted]
[info] ✔  artifactregistry: required API artifactregistry.googleapis.com is enabled 
[debug] [2025-06-04T12:41:20.167Z] Checked if tokens are valid: true, expires at: 1749043869902
[debug] [2025-06-04T12:41:20.167Z] Checked if tokens are valid: true, expires at: 1749043869902
[debug] [2025-06-04T12:41:20.167Z] >>> [apiv2][query] GET https://firebase.googleapis.com/v1beta1/projects/mymor-one/adminSdkConfig [none]
[debug] [2025-06-04T12:41:21.393Z] <<< [apiv2][status] GET https://firebase.googleapis.com/v1beta1/projects/mymor-one/adminSdkConfig 200
[debug] [2025-06-04T12:41:21.393Z] <<< [apiv2][body] GET https://firebase.googleapis.com/v1beta1/projects/mymor-one/adminSdkConfig {"projectId":"mymor-one","databaseURL":"https://mymor-one-default-rtdb.firebaseio.com","storageBucket":"mymor-one.firebasestorage.app"}
[debug] [2025-06-04T12:41:21.394Z] Checked if tokens are valid: true, expires at: 1749043869902
[debug] [2025-06-04T12:41:21.394Z] Checked if tokens are valid: true, expires at: 1749043869902
[debug] [2025-06-04T12:41:21.394Z] >>> [apiv2][query] GET https://runtimeconfig.googleapis.com/v1beta1/projects/mymor-one/configs [none]
[debug] [2025-06-04T12:41:22.032Z] <<< [apiv2][status] GET https://runtimeconfig.googleapis.com/v1beta1/projects/mymor-one/configs 200
[debug] [2025-06-04T12:41:22.032Z] <<< [apiv2][body] GET https://runtimeconfig.googleapis.com/v1beta1/projects/mymor-one/configs {"configs":[{"name":"projects/mymor-one/configs/gmail"}]}
[debug] [2025-06-04T12:41:22.032Z] Checked if tokens are valid: true, expires at: 1749043869902
[debug] [2025-06-04T12:41:22.032Z] Checked if tokens are valid: true, expires at: 1749043869902
[debug] [2025-06-04T12:41:22.033Z] >>> [apiv2][query] GET https://runtimeconfig.googleapis.com/v1beta1/projects/mymor-one/configs/gmail/variables [none]
[debug] [2025-06-04T12:41:22.402Z] <<< [apiv2][status] GET https://runtimeconfig.googleapis.com/v1beta1/projects/mymor-one/configs/gmail/variables 200
[debug] [2025-06-04T12:41:22.402Z] <<< [apiv2][body] GET https://runtimeconfig.googleapis.com/v1beta1/projects/mymor-one/configs/gmail/variables {"variables":[{"name":"projects/mymor-one/configs/gmail/variables/email","updateTime":"2025-06-04T12:00:49.350020318Z"},{"name":"projects/mymor-one/configs/gmail/variables/password","updateTime":"2025-06-04T12:00:48.683375520Z"}]}
[debug] [2025-06-04T12:41:22.402Z] Checked if tokens are valid: true, expires at: 1749043869902
[debug] [2025-06-04T12:41:22.402Z] Checked if tokens are valid: true, expires at: 1749043869902
[debug] [2025-06-04T12:41:22.403Z] Checked if tokens are valid: true, expires at: 1749043869902
[debug] [2025-06-04T12:41:22.403Z] Checked if tokens are valid: true, expires at: 1749043869902
[debug] [2025-06-04T12:41:22.403Z] >>> [apiv2][query] GET https://runtimeconfig.googleapis.com/v1beta1/projects/mymor-one/configs/gmail/variables/email [none]
[debug] [2025-06-04T12:41:22.403Z] >>> [apiv2][query] GET https://runtimeconfig.googleapis.com/v1beta1/projects/mymor-one/configs/gmail/variables/password [none]
[debug] [2025-06-04T12:41:22.769Z] <<< [apiv2][status] GET https://runtimeconfig.googleapis.com/v1beta1/projects/mymor-one/configs/gmail/variables/email 200
[debug] [2025-06-04T12:41:22.769Z] <<< [apiv2][body] GET https://runtimeconfig.googleapis.com/v1beta1/projects/mymor-one/configs/gmail/variables/email {"name":"projects/mymor-one/configs/gmail/variables/email","updateTime":"2025-06-04T12:00:49.350020318Z","text":"chiggy14@gmaill.com"}
[debug] [2025-06-04T12:41:22.885Z] <<< [apiv2][status] GET https://runtimeconfig.googleapis.com/v1beta1/projects/mymor-one/configs/gmail/variables/password 200
[debug] [2025-06-04T12:41:22.885Z] <<< [apiv2][body] GET https://runtimeconfig.googleapis.com/v1beta1/projects/mymor-one/configs/gmail/variables/password {"name":"projects/mymor-one/configs/gmail/variables/password","updateTime":"2025-06-04T12:00:48.683375520Z","text":"xggf umkg lpwk kbqn"}
[debug] [2025-06-04T12:41:22.886Z] Validating nodejs source
[debug] [2025-06-04T12:41:24.232Z] > [functions] package.json contents: {
  "name": "functions",
  "description": "Cloud Functions for Firebase",
  "scripts": {
    "lint": "eslint .",
    "serve": "firebase emulators:start --only functions",
    "shell": "firebase functions:shell",
    "start": "npm run shell",
    "deploy": "firebase deploy --only functions",
    "logs": "firebase functions:log"
  },
  "engines": {
    "node": "22"
  },
  "main": "index.js",
  "dependencies": {
    "@sendgrid/mail": "^8.1.5",
    "firebase-admin": "^12.7.0",
    "firebase-functions": "^6.3.2",
    "nodemailer": "^7.0.3"
  },
  "devDependencies": {
    "eslint": "^8.15.0",
    "eslint-config-google": "^0.14.0",
    "firebase-functions-test": "^3.1.0"
  },
  "private": true
}
[debug] [2025-06-04T12:41:24.232Z] Building nodejs source
[info] i  functions: Loading and analyzing source code for codebase default to determine what to deploy 
[debug] [2025-06-04T12:41:24.233Z] Could not find functions.yaml. Must use http discovery
[debug] [2025-06-04T12:41:24.243Z] Found firebase-functions binary at '/Users/mac/functions/node_modules/.bin/firebase-functions'
[info] Serving at port 8218

[debug] [2025-06-04T12:41:24.987Z] Got response from /__/functions.yaml {"endpoints":{"sendVerificationCode":{"availableMemoryMb":null,"timeoutSeconds":null,"minInstances":null,"maxInstances":null,"ingressSettings":null,"concurrency":null,"serviceAccountEmail":null,"vpc":null,"platform":"gcfv2","labels":{},"httpsTrigger":{},"entryPoint":"sendVerificationCode"},"sendGroupMessageNotification":{"availableMemoryMb":null,"timeoutSeconds":null,"minInstances":null,"maxInstances":null,"ingressSettings":null,"concurrency":null,"serviceAccountEmail":null,"vpc":null,"platform":"gcfv2","labels":{},"eventTrigger":{"eventType":"google.firebase.database.ref.v1.created","eventFilters":{},"eventFilterPathPatterns":{"ref":"messages/{groupId}/{messageId}","instance":"*"},"retry":false},"entryPoint":"sendGroupMessageNotification"}},"specVersion":"v1alpha1","requiredAPIs":[],"extensions":{}}
[info] i  extensions: ensuring required API firebaseextensions.googleapis.com is enabled... 
[debug] [2025-06-04T12:41:29.012Z] Checked if tokens are valid: true, expires at: 1749043869902
[debug] [2025-06-04T12:41:29.012Z] Checked if tokens are valid: true, expires at: 1749043869902
[debug] [2025-06-04T12:41:29.012Z] >>> [apiv2][query] GET https://serviceusage.googleapis.com/v1/projects/mymor-one/services/firebaseextensions.googleapis.com [none]
[debug] [2025-06-04T12:41:29.012Z] >>> [apiv2][(partial)header] GET https://serviceusage.googleapis.com/v1/projects/mymor-one/services/firebaseextensions.googleapis.com x-goog-quota-user=projects/mymor-one
[debug] [2025-06-04T12:41:30.917Z] <<< [apiv2][status] GET https://serviceusage.googleapis.com/v1/projects/mymor-one/services/firebaseextensions.googleapis.com 200
[debug] [2025-06-04T12:41:30.917Z] <<< [apiv2][body] GET https://serviceusage.googleapis.com/v1/projects/mymor-one/services/firebaseextensions.googleapis.com [omitted]
[info] ✔  extensions: required API firebaseextensions.googleapis.com is enabled 
[debug] [2025-06-04T12:41:30.917Z] > command requires scopes: ["email","openid","https://www.googleapis.com/auth/cloudplatformprojects.readonly","https://www.googleapis.com/auth/firebase","https://www.googleapis.com/auth/cloud-platform"]
[debug] [2025-06-04T12:41:30.917Z] > authorizing via signed-in user (sandeepsharma553@gmail.com)
[debug] [2025-06-04T12:41:30.917Z] [iam] checking project mymor-one for permissions ["firebase.projects.get","firebaseextensions.instances.list"]
[debug] [2025-06-04T12:41:30.918Z] Checked if tokens are valid: true, expires at: 1749043869902
[debug] [2025-06-04T12:41:30.918Z] Checked if tokens are valid: true, expires at: 1749043869902
[debug] [2025-06-04T12:41:30.918Z] >>> [apiv2][query] POST https://cloudresourcemanager.googleapis.com/v1/projects/mymor-one:testIamPermissions [none]
[debug] [2025-06-04T12:41:30.918Z] >>> [apiv2][(partial)header] POST https://cloudresourcemanager.googleapis.com/v1/projects/mymor-one:testIamPermissions x-goog-quota-user=projects/mymor-one
[debug] [2025-06-04T12:41:30.918Z] >>> [apiv2][body] POST https://cloudresourcemanager.googleapis.com/v1/projects/mymor-one:testIamPermissions {"permissions":["firebase.projects.get","firebaseextensions.instances.list"]}
[debug] [2025-06-04T12:41:32.532Z] <<< [apiv2][status] POST https://cloudresourcemanager.googleapis.com/v1/projects/mymor-one:testIamPermissions 200
[debug] [2025-06-04T12:41:32.532Z] <<< [apiv2][body] POST https://cloudresourcemanager.googleapis.com/v1/projects/mymor-one:testIamPermissions {"permissions":["firebase.projects.get","firebaseextensions.instances.list"]}
[debug] [2025-06-04T12:41:32.532Z] Checked if tokens are valid: true, expires at: 1749043869902
[debug] [2025-06-04T12:41:32.533Z] Checked if tokens are valid: true, expires at: 1749043869902
[debug] [2025-06-04T12:41:32.533Z] >>> [apiv2][query] GET https://firebaseextensions.googleapis.com/v1beta/projects/mymor-one/instances pageSize=100&pageToken=
[debug] [2025-06-04T12:41:34.461Z] <<< [apiv2][status] GET https://firebaseextensions.googleapis.com/v1beta/projects/mymor-one/instances 200
[debug] [2025-06-04T12:41:34.461Z] <<< [apiv2][body] GET https://firebaseextensions.googleapis.com/v1beta/projects/mymor-one/instances {}
[info] i  functions: preparing functions directory for uploading... 
[info] i  functions: packaged /Users/mac/functions (73.53 KB) for uploading 
[debug] [2025-06-04T12:41:34.499Z] Checked if tokens are valid: true, expires at: 1749043869902
[debug] [2025-06-04T12:41:34.499Z] Checked if tokens are valid: true, expires at: 1749043869902
[debug] [2025-06-04T12:41:34.499Z] >>> [apiv2][query] GET https://cloudfunctions.googleapis.com/v1/projects/mymor-one/locations/-/functions [none]
[debug] [2025-06-04T12:41:35.524Z] <<< [apiv2][status] GET https://cloudfunctions.googleapis.com/v1/projects/mymor-one/locations/-/functions 200
[debug] [2025-06-04T12:41:35.524Z] <<< [apiv2][body] GET https://cloudfunctions.googleapis.com/v1/projects/mymor-one/locations/-/functions {}
[debug] [2025-06-04T12:41:35.525Z] Checked if tokens are valid: true, expires at: 1749043869902
[debug] [2025-06-04T12:41:35.525Z] Checked if tokens are valid: true, expires at: 1749043869902
[debug] [2025-06-04T12:41:35.525Z] >>> [apiv2][query] GET https://cloudfunctions.googleapis.com/v2/projects/mymor-one/locations/-/functions filter=environment%3D%22GEN_2%22
[debug] [2025-06-04T12:41:37.195Z] <<< [apiv2][status] GET https://cloudfunctions.googleapis.com/v2/projects/mymor-one/locations/-/functions 200
[debug] [2025-06-04T12:41:37.196Z] <<< [apiv2][body] GET https://cloudfunctions.googleapis.com/v2/projects/mymor-one/locations/-/functions {"functions":[{"name":"projects/mymor-one/locations/us-central1/functions/sendVerificationCode","buildConfig":{"build":"projects/368272892719/locations/us-central1/builds/540bc9e5-f341-4c7f-b162-1635e1f657cf","runtime":"nodejs22","entryPoint":"sendVerificationCode","source":{"storageSource":{"bucket":"gcf-v2-sources-368272892719-us-central1","object":"sendVerificationCode/function-source.zip","generation":"1749039126147183"}},"environmentVariables":{"GOOGLE_NODE_RUN_SCRIPTS":""},"dockerRepository":"projects/mymor-one/locations/us-central1/repositories/gcf-artifacts","sourceProvenance":{"resolvedStorageSource":{"bucket":"gcf-v2-sources-368272892719-us-central1","object":"sendVerificationCode/function-source.zip","generation":"1749039126147183"}},"dockerRegistry":"ARTIFACT_REGISTRY","serviceAccount":"projects/mymor-one/serviceAccounts/368272892719-compute@developer.gserviceaccount.com","automaticUpdatePolicy":{}},"serviceConfig":{"service":"projects/mymor-one/locations/us-central1/services/sendverificationcode","timeoutSeconds":60,"environmentVariables":{"FIREBASE_CONFIG":"{\"projectId\":\"mymor-one\",\"databaseURL\":\"https://mymor-one-default-rtdb.firebaseio.com\",\"storageBucket\":\"mymor-one.firebasestorage.app\"}","GCLOUD_PROJECT":"mymor-one","EVENTARC_CLOUD_EVENT_SOURCE":"projects/mymor-one/locations/us-central1/services/sendVerificationCode","FUNCTION_TARGET":"sendVerificationCode","LOG_EXECUTION_ID":"true"},"maxInstanceCount":40,"ingressSettings":"ALLOW_ALL","uri":"https://sendverificationcode-t7rglv43ba-uc.a.run.app","serviceAccountEmail":"368272892719-compute@developer.gserviceaccount.com","availableMemory":"256Mi","allTrafficOnLatestRevision":true,"revision":"sendverificationcode-00002-yeb","maxInstanceRequestConcurrency":80,"availableCpu":"1"},"state":"ACTIVE","updateTime":"2025-06-04T12:13:18.482650711Z","labels":{"firebase-functions-hash":"f3ac2a40d4177e6dffd7c38d9528497dbeee60b5","deployment-tool":"cli-firebase"},"environment":"GEN_2","url":"https://us-central1-mymor-one.cloudfunctions.net/sendVerificationCode","createTime":"2025-05-29T05:31:57.206810301Z","satisfiesPzi":true}]}
[info] i  functions: ensuring required API run.googleapis.com is enabled... 
[debug] [2025-06-04T12:41:37.199Z] Checked if tokens are valid: true, expires at: 1749043869902
[debug] [2025-06-04T12:41:37.199Z] Checked if tokens are valid: true, expires at: 1749043869902
[info] i  functions: ensuring required API eventarc.googleapis.com is enabled... 
[debug] [2025-06-04T12:41:37.200Z] Checked if tokens are valid: true, expires at: 1749043869902
[debug] [2025-06-04T12:41:37.200Z] Checked if tokens are valid: true, expires at: 1749043869902
[info] i  functions: ensuring required API pubsub.googleapis.com is enabled... 
[debug] [2025-06-04T12:41:37.200Z] Checked if tokens are valid: true, expires at: 1749043869902
[debug] [2025-06-04T12:41:37.200Z] Checked if tokens are valid: true, expires at: 1749043869902
[info] i  functions: ensuring required API storage.googleapis.com is enabled... 
[debug] [2025-06-04T12:41:37.200Z] Checked if tokens are valid: true, expires at: 1749043869902
[debug] [2025-06-04T12:41:37.200Z] Checked if tokens are valid: true, expires at: 1749043869902
[debug] [2025-06-04T12:41:37.200Z] >>> [apiv2][query] GET https://serviceusage.googleapis.com/v1/projects/mymor-one/services/run.googleapis.com [none]
[debug] [2025-06-04T12:41:37.200Z] >>> [apiv2][(partial)header] GET https://serviceusage.googleapis.com/v1/projects/mymor-one/services/run.googleapis.com x-goog-quota-user=projects/mymor-one
[debug] [2025-06-04T12:41:37.202Z] >>> [apiv2][query] GET https://serviceusage.googleapis.com/v1/projects/mymor-one/services/eventarc.googleapis.com [none]
[debug] [2025-06-04T12:41:37.202Z] >>> [apiv2][(partial)header] GET https://serviceusage.googleapis.com/v1/projects/mymor-one/services/eventarc.googleapis.com x-goog-quota-user=projects/mymor-one
[debug] [2025-06-04T12:41:37.204Z] >>> [apiv2][query] GET https://serviceusage.googleapis.com/v1/projects/mymor-one/services/pubsub.googleapis.com [none]
[debug] [2025-06-04T12:41:37.204Z] >>> [apiv2][(partial)header] GET https://serviceusage.googleapis.com/v1/projects/mymor-one/services/pubsub.googleapis.com x-goog-quota-user=projects/mymor-one
[debug] [2025-06-04T12:41:37.206Z] >>> [apiv2][query] GET https://serviceusage.googleapis.com/v1/projects/mymor-one/services/storage.googleapis.com [none]
[debug] [2025-06-04T12:41:37.206Z] >>> [apiv2][(partial)header] GET https://serviceusage.googleapis.com/v1/projects/mymor-one/services/storage.googleapis.com x-goog-quota-user=projects/mymor-one
[debug] [2025-06-04T12:41:39.072Z] <<< [apiv2][status] GET https://serviceusage.googleapis.com/v1/projects/mymor-one/services/pubsub.googleapis.com 200
[debug] [2025-06-04T12:41:39.072Z] <<< [apiv2][body] GET https://serviceusage.googleapis.com/v1/projects/mymor-one/services/pubsub.googleapis.com [omitted]
[info] ✔  functions: required API pubsub.googleapis.com is enabled 
[debug] [2025-06-04T12:41:39.093Z] <<< [apiv2][status] GET https://serviceusage.googleapis.com/v1/projects/mymor-one/services/eventarc.googleapis.com 200
[debug] [2025-06-04T12:41:39.093Z] <<< [apiv2][body] GET https://serviceusage.googleapis.com/v1/projects/mymor-one/services/eventarc.googleapis.com [omitted]
[info] ✔  functions: required API eventarc.googleapis.com is enabled 
[debug] [2025-06-04T12:41:39.109Z] <<< [apiv2][status] GET https://serviceusage.googleapis.com/v1/projects/mymor-one/services/storage.googleapis.com 200
[debug] [2025-06-04T12:41:39.110Z] <<< [apiv2][body] GET https://serviceusage.googleapis.com/v1/projects/mymor-one/services/storage.googleapis.com [omitted]
[info] ✔  functions: required API storage.googleapis.com is enabled 
[debug] [2025-06-04T12:41:39.110Z] <<< [apiv2][status] GET https://serviceusage.googleapis.com/v1/projects/mymor-one/services/run.googleapis.com 200
[debug] [2025-06-04T12:41:39.111Z] <<< [apiv2][body] GET https://serviceusage.googleapis.com/v1/projects/mymor-one/services/run.googleapis.com [omitted]
[info] ✔  functions: required API run.googleapis.com is enabled 
[info] i  functions: generating the service identity for pubsub.googleapis.com... 
[debug] [2025-06-04T12:41:39.112Z] Checked if tokens are valid: true, expires at: 1749043869902
[debug] [2025-06-04T12:41:39.112Z] Checked if tokens are valid: true, expires at: 1749043869902
[info] i  functions: generating the service identity for eventarc.googleapis.com... 
[debug] [2025-06-04T12:41:39.112Z] Checked if tokens are valid: true, expires at: 1749043869902
[debug] [2025-06-04T12:41:39.112Z] Checked if tokens are valid: true, expires at: 1749043869902
[debug] [2025-06-04T12:41:39.112Z] >>> [apiv2][query] POST https://serviceusage.googleapis.com/v1beta1/projects/368272892719/services/pubsub.googleapis.com:generateServiceIdentity [none]
[debug] [2025-06-04T12:41:39.113Z] >>> [apiv2][query] POST https://serviceusage.googleapis.com/v1beta1/projects/368272892719/services/eventarc.googleapis.com:generateServiceIdentity [none]
[debug] [2025-06-04T12:41:39.587Z] <<< [apiv2][status] POST https://serviceusage.googleapis.com/v1beta1/projects/368272892719/services/pubsub.googleapis.com:generateServiceIdentity 200
[debug] [2025-06-04T12:41:39.587Z] <<< [apiv2][body] POST https://serviceusage.googleapis.com/v1beta1/projects/368272892719/services/pubsub.googleapis.com:generateServiceIdentity {"name":"operations/finished.DONE_OPERATION","done":true,"response":{"@type":"type.googleapis.com/google.api.serviceusage.v1beta1.ServiceIdentity","email":"service-368272892719@gcp-sa-pubsub.iam.gserviceaccount.com","uniqueId":"102543811278809188951"}}
[debug] [2025-06-04T12:41:39.653Z] <<< [apiv2][status] POST https://serviceusage.googleapis.com/v1beta1/projects/368272892719/services/eventarc.googleapis.com:generateServiceIdentity 200
[debug] [2025-06-04T12:41:39.653Z] <<< [apiv2][body] POST https://serviceusage.googleapis.com/v1beta1/projects/368272892719/services/eventarc.googleapis.com:generateServiceIdentity {"name":"operations/finished.DONE_OPERATION","done":true,"response":{"@type":"type.googleapis.com/google.api.serviceusage.v1beta1.ServiceIdentity","email":"service-368272892719@gcp-sa-eventarc.iam.gserviceaccount.com","uniqueId":"109805069736054509578"}}
[debug] [2025-06-04T12:41:39.656Z] Checked if tokens are valid: true, expires at: 1749043869902
[debug] [2025-06-04T12:41:39.656Z] Checked if tokens are valid: true, expires at: 1749043869902
[debug] [2025-06-04T12:41:39.656Z] >>> [apiv2][query] POST https://cloudresourcemanager.googleapis.com/v1/projects/368272892719:getIamPolicy [none]
[debug] [2025-06-04T12:41:41.392Z] <<< [apiv2][status] POST https://cloudresourcemanager.googleapis.com/v1/projects/368272892719:getIamPolicy 200
[debug] [2025-06-04T12:41:41.392Z] <<< [apiv2][body] POST https://cloudresourcemanager.googleapis.com/v1/projects/368272892719:getIamPolicy {"version":1,"etag":"BwY2WhRVTIk=","bindings":[{"role":"roles/artifactregistry.serviceAgent","members":["serviceAccount:service-368272892719@gcp-sa-artifactregistry.iam.gserviceaccount.com"]},{"role":"roles/cloudbuild.builds.builder","members":["serviceAccount:368272892719@cloudbuild.gserviceaccount.com"]},{"role":"roles/cloudbuild.serviceAgent","members":["serviceAccount:service-368272892719@gcp-sa-cloudbuild.iam.gserviceaccount.com"]},{"role":"roles/cloudfunctions.serviceAgent","members":["serviceAccount:service-368272892719@gcf-admin-robot.iam.gserviceaccount.com"]},{"role":"roles/containerregistry.ServiceAgent","members":["serviceAccount:service-368272892719@containerregistry.iam.gserviceaccount.com"]},{"role":"roles/editor","members":["serviceAccount:368272892719-compute@developer.gserviceaccount.com","serviceAccount:368272892719@cloudservices.gserviceaccount.com","serviceAccount:mymor-one@appspot.gserviceaccount.com"]},{"role":"roles/firebase.managementServiceAgent","members":["serviceAccount:service-368272892719@gcp-sa-firebase.iam.gserviceaccount.com"]},{"role":"roles/firebase.sdkAdminServiceAgent","members":["serviceAccount:firebase-adminsdk-fbsvc@mymor-one.iam.gserviceaccount.com"]},{"role":"roles/firebaseappcheck.admin","members":["serviceAccount:firebase-adminsdk-fbsvc@mymor-one.iam.gserviceaccount.com"]},{"role":"roles/firebaseappcheck.serviceAgent","members":["serviceAccount:service-368272892719@gcp-sa-firebaseappcheck.iam.gserviceaccount.com"]},{"role":"roles/firebaseauth.admin","members":["serviceAccount:firebase-adminsdk-fbsvc@mymor-one.iam.gserviceaccount.com"]},{"role":"roles/firebasedatabase.admin","members":["serviceAccount:firebase-adminsdk-fbsvc@mymor-one.iam.gserviceaccount.com"]},{"role":"roles/firebasemods.serviceAgent","members":["serviceAccount:service-368272892719@gcp-sa-firebasemods.iam.gserviceaccount.com"]},{"role":"roles/firebaserules.system","members":["serviceAccount:service-368272892719@firebase-rules.iam.gserviceaccount.com"]},{"role":"roles/firebasestorage.serviceAgent","members":["serviceAccount:service-368272892719@gcp-sa-firebasestorage.iam.gserviceaccount.com"]},{"role":"roles/firestore.serviceAgent","members":["serviceAccount:service-368272892719@gcp-sa-firestore.iam.gserviceaccount.com"]},{"role":"roles/iam.serviceAccountTokenCreator","members":["serviceAccount:firebase-adminsdk-fbsvc@mymor-one.iam.gserviceaccount.com"]},{"role":"roles/owner","members":["user:chiggy14@gmail.com","user:sandeepsharma553@gmail.com"]},{"role":"roles/run.serviceAgent","members":["serviceAccount:service-368272892719@serverless-robot-prod.iam.gserviceaccount.com"]},{"role":"roles/storage.admin","members":["serviceAccount:firebase-adminsdk-fbsvc@mymor-one.iam.gserviceaccount.com"]}]}
[debug] [2025-06-04T12:41:41.392Z] Checked if tokens are valid: true, expires at: 1749043869902
[debug] [2025-06-04T12:41:41.392Z] Checked if tokens are valid: true, expires at: 1749043869902
[debug] [2025-06-04T12:41:41.392Z] >>> [apiv2][query] POST https://cloudresourcemanager.googleapis.com/v1/projects/368272892719:setIamPolicy [none]
[debug] [2025-06-04T12:41:41.392Z] >>> [apiv2][body] POST https://cloudresourcemanager.googleapis.com/v1/projects/368272892719:setIamPolicy {"policy":{"version":1,"etag":"BwY2WhRVTIk=","bindings":[{"role":"roles/artifactregistry.serviceAgent","members":["serviceAccount:service-368272892719@gcp-sa-artifactregistry.iam.gserviceaccount.com"]},{"role":"roles/cloudbuild.builds.builder","members":["serviceAccount:368272892719@cloudbuild.gserviceaccount.com"]},{"role":"roles/cloudbuild.serviceAgent","members":["serviceAccount:service-368272892719@gcp-sa-cloudbuild.iam.gserviceaccount.com"]},{"role":"roles/cloudfunctions.serviceAgent","members":["serviceAccount:service-368272892719@gcf-admin-robot.iam.gserviceaccount.com"]},{"role":"roles/containerregistry.ServiceAgent","members":["serviceAccount:service-368272892719@containerregistry.iam.gserviceaccount.com"]},{"role":"roles/editor","members":["serviceAccount:368272892719-compute@developer.gserviceaccount.com","serviceAccount:368272892719@cloudservices.gserviceaccount.com","serviceAccount:mymor-one@appspot.gserviceaccount.com"]},{"role":"roles/firebase.managementServiceAgent","members":["serviceAccount:service-368272892719@gcp-sa-firebase.iam.gserviceaccount.com"]},{"role":"roles/firebase.sdkAdminServiceAgent","members":["serviceAccount:firebase-adminsdk-fbsvc@mymor-one.iam.gserviceaccount.com"]},{"role":"roles/firebaseappcheck.admin","members":["serviceAccount:firebase-adminsdk-fbsvc@mymor-one.iam.gserviceaccount.com"]},{"role":"roles/firebaseappcheck.serviceAgent","members":["serviceAccount:service-368272892719@gcp-sa-firebaseappcheck.iam.gserviceaccount.com"]},{"role":"roles/firebaseauth.admin","members":["serviceAccount:firebase-adminsdk-fbsvc@mymor-one.iam.gserviceaccount.com"]},{"role":"roles/firebasedatabase.admin","members":["serviceAccount:firebase-adminsdk-fbsvc@mymor-one.iam.gserviceaccount.com"]},{"role":"roles/firebasemods.serviceAgent","members":["serviceAccount:service-368272892719@gcp-sa-firebasemods.iam.gserviceaccount.com"]},{"role":"roles/firebaserules.system","members":["serviceAccount:service-368272892719@firebase-rules.iam.gserviceaccount.com"]},{"role":"roles/firebasestorage.serviceAgent","members":["serviceAccount:service-368272892719@gcp-sa-firebasestorage.iam.gserviceaccount.com"]},{"role":"roles/firestore.serviceAgent","members":["serviceAccount:service-368272892719@gcp-sa-firestore.iam.gserviceaccount.com"]},{"role":"roles/iam.serviceAccountTokenCreator","members":["serviceAccount:firebase-adminsdk-fbsvc@mymor-one.iam.gserviceaccount.com","serviceAccount:service-368272892719@gcp-sa-pubsub.iam.gserviceaccount.com"]},{"role":"roles/owner","members":["user:chiggy14@gmail.com","user:sandeepsharma553@gmail.com"]},{"role":"roles/run.serviceAgent","members":["serviceAccount:service-368272892719@serverless-robot-prod.iam.gserviceaccount.com"]},{"role":"roles/storage.admin","members":["serviceAccount:firebase-adminsdk-fbsvc@mymor-one.iam.gserviceaccount.com"]},{"role":"roles/run.invoker","members":["serviceAccount:368272892719-compute@developer.gserviceaccount.com"]},{"role":"roles/eventarc.eventReceiver","members":["serviceAccount:368272892719-compute@developer.gserviceaccount.com"]}]},"updateMask":"bindings"}
[debug] [2025-06-04T12:41:42.626Z] <<< [apiv2][status] POST https://cloudresourcemanager.googleapis.com/v1/projects/368272892719:setIamPolicy 200
[debug] [2025-06-04T12:41:42.627Z] <<< [apiv2][body] POST https://cloudresourcemanager.googleapis.com/v1/projects/368272892719:setIamPolicy {"version":1,"etag":"BwY2vlGxj4U=","bindings":[{"role":"roles/artifactregistry.serviceAgent","members":["serviceAccount:service-368272892719@gcp-sa-artifactregistry.iam.gserviceaccount.com"]},{"role":"roles/cloudbuild.builds.builder","members":["serviceAccount:368272892719@cloudbuild.gserviceaccount.com"]},{"role":"roles/cloudbuild.serviceAgent","members":["serviceAccount:service-368272892719@gcp-sa-cloudbuild.iam.gserviceaccount.com"]},{"role":"roles/cloudfunctions.serviceAgent","members":["serviceAccount:service-368272892719@gcf-admin-robot.iam.gserviceaccount.com"]},{"role":"roles/containerregistry.ServiceAgent","members":["serviceAccount:service-368272892719@containerregistry.iam.gserviceaccount.com"]},{"role":"roles/editor","members":["serviceAccount:368272892719-compute@developer.gserviceaccount.com","serviceAccount:368272892719@cloudservices.gserviceaccount.com","serviceAccount:mymor-one@appspot.gserviceaccount.com"]},{"role":"roles/eventarc.eventReceiver","members":["serviceAccount:368272892719-compute@developer.gserviceaccount.com"]},{"role":"roles/firebase.managementServiceAgent","members":["serviceAccount:service-368272892719@gcp-sa-firebase.iam.gserviceaccount.com"]},{"role":"roles/firebase.sdkAdminServiceAgent","members":["serviceAccount:firebase-adminsdk-fbsvc@mymor-one.iam.gserviceaccount.com"]},{"role":"roles/firebaseappcheck.admin","members":["serviceAccount:firebase-adminsdk-fbsvc@mymor-one.iam.gserviceaccount.com"]},{"role":"roles/firebaseappcheck.serviceAgent","members":["serviceAccount:service-368272892719@gcp-sa-firebaseappcheck.iam.gserviceaccount.com"]},{"role":"roles/firebaseauth.admin","members":["serviceAccount:firebase-adminsdk-fbsvc@mymor-one.iam.gserviceaccount.com"]},{"role":"roles/firebasedatabase.admin","members":["serviceAccount:firebase-adminsdk-fbsvc@mymor-one.iam.gserviceaccount.com"]},{"role":"roles/firebasemods.serviceAgent","members":["serviceAccount:service-368272892719@gcp-sa-firebasemods.iam.gserviceaccount.com"]},{"role":"roles/firebaserules.system","members":["serviceAccount:service-368272892719@firebase-rules.iam.gserviceaccount.com"]},{"role":"roles/firebasestorage.serviceAgent","members":["serviceAccount:service-368272892719@gcp-sa-firebasestorage.iam.gserviceaccount.com"]},{"role":"roles/firestore.serviceAgent","members":["serviceAccount:service-368272892719@gcp-sa-firestore.iam.gserviceaccount.com"]},{"role":"roles/iam.serviceAccountTokenCreator","members":["serviceAccount:firebase-adminsdk-fbsvc@mymor-one.iam.gserviceaccount.com","serviceAccount:service-368272892719@gcp-sa-pubsub.iam.gserviceaccount.com"]},{"role":"roles/owner","members":["user:chiggy14@gmail.com","user:sandeepsharma553@gmail.com"]},{"role":"roles/run.invoker","members":["serviceAccount:368272892719-compute@developer.gserviceaccount.com"]},{"role":"roles/run.serviceAgent","members":["serviceAccount:service-368272892719@serverless-robot-prod.iam.gserviceaccount.com"]},{"role":"roles/storage.admin","members":["serviceAccount:firebase-adminsdk-fbsvc@mymor-one.iam.gserviceaccount.com"]}]}
[debug] [2025-06-04T12:41:42.627Z] Checked if tokens are valid: true, expires at: 1749043869902
[debug] [2025-06-04T12:41:42.627Z] Checked if tokens are valid: true, expires at: 1749043869902
[debug] [2025-06-04T12:41:42.628Z] >>> [apiv2][query] GET https://serviceusage.googleapis.com/v1/projects/mymor-one/services/cloudresourcemanager.googleapis.com [none]
[debug] [2025-06-04T12:41:42.628Z] >>> [apiv2][(partial)header] GET https://serviceusage.googleapis.com/v1/projects/mymor-one/services/cloudresourcemanager.googleapis.com x-goog-quota-user=projects/mymor-one
[debug] [2025-06-04T12:41:43.061Z] <<< [apiv2][status] GET https://serviceusage.googleapis.com/v1/projects/mymor-one/services/cloudresourcemanager.googleapis.com 200
[debug] [2025-06-04T12:41:43.061Z] <<< [apiv2][body] GET https://serviceusage.googleapis.com/v1/projects/mymor-one/services/cloudresourcemanager.googleapis.com [omitted]
[debug] [2025-06-04T12:41:43.062Z] Checked if tokens are valid: true, expires at: 1749043869902
[debug] [2025-06-04T12:41:43.062Z] Checked if tokens are valid: true, expires at: 1749043869902
[debug] [2025-06-04T12:41:43.062Z] >>> [apiv2][query] GET https://cloudresourcemanager.googleapis.com/v1/projects/mymor-one [none]
[debug] [2025-06-04T12:41:43.412Z] <<< [apiv2][status] GET https://cloudresourcemanager.googleapis.com/v1/projects/mymor-one 200
[debug] [2025-06-04T12:41:43.412Z] <<< [apiv2][body] GET https://cloudresourcemanager.googleapis.com/v1/projects/mymor-one {"projectNumber":"368272892719","projectId":"mymor-one","lifecycleState":"ACTIVE","name":"mymor One","labels":{"firebase":"enabled","firebase-core":"disabled"},"createTime":"2025-04-02T12:26:19.989860Z"}
[debug] [2025-06-04T12:41:43.413Z] Checked if tokens are valid: true, expires at: 1749043869902
[debug] [2025-06-04T12:41:43.413Z] Checked if tokens are valid: true, expires at: 1749043869902
[debug] [2025-06-04T12:41:43.413Z] >>> [apiv2][query] GET https://cloudbilling.googleapis.com/v1/projects/mymor-one/billingInfo [none]
[debug] [2025-06-04T12:41:44.060Z] <<< [apiv2][status] GET https://cloudbilling.googleapis.com/v1/projects/mymor-one/billingInfo 200
[debug] [2025-06-04T12:41:44.060Z] <<< [apiv2][body] GET https://cloudbilling.googleapis.com/v1/projects/mymor-one/billingInfo {"name":"projects/mymor-one/billingInfo","projectId":"mymor-one","billingAccountName":"billingAccounts/0189B5-100332-B83EA6","billingEnabled":true}
[debug] [2025-06-04T12:41:44.061Z] Checked if tokens are valid: true, expires at: 1749043869902
[debug] [2025-06-04T12:41:44.062Z] Checked if tokens are valid: true, expires at: 1749043869902
[debug] [2025-06-04T12:41:44.062Z] >>> [apiv2][query] POST https://cloudfunctions.googleapis.com/v2/projects/mymor-one/locations/us-central1/functions:generateUploadUrl [none]
[debug] [2025-06-04T12:41:45.669Z] <<< [apiv2][status] POST https://cloudfunctions.googleapis.com/v2/projects/mymor-one/locations/us-central1/functions:generateUploadUrl 200
[debug] [2025-06-04T12:41:45.669Z] <<< [apiv2][body] POST https://cloudfunctions.googleapis.com/v2/projects/mymor-one/locations/us-central1/functions:generateUploadUrl {"uploadUrl":"https://storage.googleapis.com/gcf-v2-uploads-368272892719.us-central1.cloudfunctions.appspot.com/4337f6ec-90fd-4d4a-b65c-75e242f239e2.zip?GoogleAccessId=service-368272892719@gcf-admin-robot.iam.gserviceaccount.com&Expires=1749042705&Signature=nTlYhrLrNl54WVHz9KLN0KJ4ma0zCYqXxqPUEuNzHWZIyw1HJ7fRYUZJ2s3UbOXVz6SplgJ6hQLKuFWOhh3TMXG4hSabxYsGfT8umYWFB9mYoLCYaXmgCsV3rC3cmZVn%2F2wi9li%2F5yO5WtOAv4ThvEb3seewQ3Dqx063jEs0lLuY%2BGLYSDclz4hBM%2FGUd4mIjqwS1owesiHMWJga1jyadoWeoiqaPxn4PAGycsYr9EmA8Uxqyo9gvSlSuC0kDmj3ntu4GrKmGwSD4Wi%2FkbSJkCbIXbkvRSAl7AYQff3z4fQyUaEkn2AxvmkM%2F5%2FRmrQX14xuwB54fh0mlLgM49QyNA%3D%3D","storageSource":{"bucket":"gcf-v2-uploads-368272892719.us-central1.cloudfunctions.appspot.com","object":"4337f6ec-90fd-4d4a-b65c-75e242f239e2.zip"}}
[debug] [2025-06-04T12:41:45.669Z] >>> [apiv2][query] PUT https://storage.googleapis.com/gcf-v2-uploads-368272892719.us-central1.cloudfunctions.appspot.com/4337f6ec-90fd-4d4a-b65c-75e242f239e2.zip GoogleAccessId=service-368272892719%40gcf-admin-robot.iam.gserviceaccount.com&Expires=1749042705&Signature=nTlYhrLrNl54WVHz9KLN0KJ4ma0zCYqXxqPUEuNzHWZIyw1HJ7fRYUZJ2s3UbOXVz6SplgJ6hQLKuFWOhh3TMXG4hSabxYsGfT8umYWFB9mYoLCYaXmgCsV3rC3cmZVn%2F2wi9li%2F5yO5WtOAv4ThvEb3seewQ3Dqx063jEs0lLuY%2BGLYSDclz4hBM%2FGUd4mIjqwS1owesiHMWJga1jyadoWeoiqaPxn4PAGycsYr9EmA8Uxqyo9gvSlSuC0kDmj3ntu4GrKmGwSD4Wi%2FkbSJkCbIXbkvRSAl7AYQff3z4fQyUaEkn2AxvmkM%2F5%2FRmrQX14xuwB54fh0mlLgM49QyNA%3D%3D
[debug] [2025-06-04T12:41:45.669Z] >>> [apiv2][body] PUT https://storage.googleapis.com/gcf-v2-uploads-368272892719.us-central1.cloudfunctions.appspot.com/4337f6ec-90fd-4d4a-b65c-75e242f239e2.zip [stream]
[debug] [2025-06-04T12:41:46.890Z] <<< [apiv2][status] PUT https://storage.googleapis.com/gcf-v2-uploads-368272892719.us-central1.cloudfunctions.appspot.com/4337f6ec-90fd-4d4a-b65c-75e242f239e2.zip 200
[debug] [2025-06-04T12:41:46.891Z] <<< [apiv2][body] PUT https://storage.googleapis.com/gcf-v2-uploads-368272892719.us-central1.cloudfunctions.appspot.com/4337f6ec-90fd-4d4a-b65c-75e242f239e2.zip [omitted]
[info] ✔  functions: functions folder uploaded successfully 
[info] i  functions: creating Node.js 22 (2nd Gen) function sendGroupMessageNotification(us-central1)... 
[info] i  functions: updating Node.js 22 (2nd Gen) function sendVerificationCode(us-central1)... 
[debug] [2025-06-04T12:41:46.896Z] Checked if tokens are valid: true, expires at: 1749043869902
[debug] [2025-06-04T12:41:46.896Z] Checked if tokens are valid: true, expires at: 1749043869902
[debug] [2025-06-04T12:41:46.897Z] >>> [apiv2][query] POST https://cloudfunctions.googleapis.com/v2/projects/mymor-one/locations/us-central1/functions functionId=sendGroupMessageNotification
[debug] [2025-06-04T12:41:46.897Z] >>> [apiv2][body] POST https://cloudfunctions.googleapis.com/v2/projects/mymor-one/locations/us-central1/functions {"name":"projects/mymor-one/locations/us-central1/functions/sendGroupMessageNotification","buildConfig":{"runtime":"nodejs22","entryPoint":"sendGroupMessageNotification","source":{"storageSource":{"bucket":"gcf-v2-uploads-368272892719.us-central1.cloudfunctions.appspot.com","object":"4337f6ec-90fd-4d4a-b65c-75e242f239e2.zip"}},"environmentVariables":{"GOOGLE_NODE_RUN_SCRIPTS":""}},"serviceConfig":{"environmentVariables":{"FIREBASE_CONFIG":"{\"projectId\":\"mymor-one\",\"databaseURL\":\"https://mymor-one-default-rtdb.firebaseio.com\",\"storageBucket\":\"mymor-one.firebasestorage.app\"}","GCLOUD_PROJECT":"mymor-one","EVENTARC_CLOUD_EVENT_SOURCE":"projects/mymor-one/locations/us-central1/services/sendGroupMessageNotification","FUNCTION_SIGNATURE_TYPE":"cloudevent","FUNCTION_TARGET":"sendGroupMessageNotification","LOG_EXECUTION_ID":"true"},"ingressSettings":null,"timeoutSeconds":null,"serviceAccountEmail":null,"availableMemory":"256Mi","minInstanceCount":null,"maxInstanceCount":null,"maxInstanceRequestConcurrency":80,"availableCpu":"1","vpcConnector":null,"vpcConnectorEgressSettings":null},"labels":{"deployment-tool":"cli-firebase","firebase-functions-hash":"5df467297cee44cd574bf5174b2a99ecec6ae274"},"eventTrigger":{"eventType":"google.firebase.database.ref.v1.created","retryPolicy":"RETRY_POLICY_DO_NOT_RETRY","eventFilters":[{"attribute":"ref","value":"messages/{groupId}/{messageId}","operator":"match-path-pattern"},{"attribute":"instance","value":"*","operator":"match-path-pattern"}],"triggerRegion":"us-central1"}}
[debug] [2025-06-04T12:42:05.514Z] <<< [apiv2][status] POST https://cloudfunctions.googleapis.com/v2/projects/mymor-one/locations/us-central1/functions 400
[debug] [2025-06-04T12:42:05.514Z] <<< [apiv2][body] POST https://cloudfunctions.googleapis.com/v2/projects/mymor-one/locations/us-central1/functions {"error":{"code":400,"message":"Validation failed for trigger projects/mymor-one/locations/us-central1/triggers/sendgroupmessagenotification-649832: Invalid resource state for \"\": Permission denied while using the Eventarc Service Agent. If you recently started to use Eventarc, it may take a few minutes before all necessary permissions are propagated to the Service Agent. Otherwise, verify that it has Eventarc Service Agent role.","status":"FAILED_PRECONDITION"}}
[warn] ⚠  functions: Request to https://cloudfunctions.googleapis.com/v2/projects/mymor-one/locations/us-central1/functions?functionId=sendGroupMessageNotification had HTTP Error: 400, Validation failed for trigger projects/mymor-one/locations/us-central1/triggers/sendgroupmessagenotification-649832: Invalid resource state for "": Permission denied while using the Eventarc Service Agent. If you recently started to use Eventarc, it may take a few minutes before all necessary permissions are propagated to the Service Agent. Otherwise, verify that it has Eventarc Service Agent role. 
[warn] ⚠  functions: Since this is your first time using 2nd gen functions, we need a little bit longer to finish setting everything up. Retry the deployment in a few minutes. 
[warn] ⚠  functions:  failed to create function projects/mymor-one/locations/us-central1/functions/sendGroupMessageNotification 
[error] Failed to create function projects/mymor-one/locations/us-central1/functions/sendGroupMessageNotification
[debug] [2025-06-04T12:42:05.516Z] Checked if tokens are valid: true, expires at: 1749043869902
[debug] [2025-06-04T12:42:05.517Z] Checked if tokens are valid: true, expires at: 1749043869902
[debug] [2025-06-04T12:42:05.517Z] >>> [apiv2][query] PATCH https://cloudfunctions.googleapis.com/v2/projects/mymor-one/locations/us-central1/functions/sendVerificationCode updateMask=name%2CbuildConfig.runtime%2CbuildConfig.entryPoint%2CbuildConfig.source.storageSource.bucket%2CbuildConfig.source.storageSource.object%2CbuildConfig.environmentVariables%2CbuildConfig.sourceToken%2CserviceConfig.environmentVariables%2CserviceConfig.ingressSettings%2CserviceConfig.timeoutSeconds%2CserviceConfig.serviceAccountEmail%2CserviceConfig.availableMemory%2CserviceConfig.minInstanceCount%2CserviceConfig.maxInstanceCount%2CserviceConfig.maxInstanceRequestConcurrency%2CserviceConfig.availableCpu%2CserviceConfig.vpcConnector%2CserviceConfig.vpcConnectorEgressSettings%2Clabels%2CbuildConfig.buildEnvironmentVariables
[debug] [2025-06-04T12:42:05.517Z] >>> [apiv2][body] PATCH https://cloudfunctions.googleapis.com/v2/projects/mymor-one/locations/us-central1/functions/sendVerificationCode {"name":"projects/mymor-one/locations/us-central1/functions/sendVerificationCode","buildConfig":{"runtime":"nodejs22","entryPoint":"sendVerificationCode","source":{"storageSource":{"bucket":"gcf-v2-uploads-368272892719.us-central1.cloudfunctions.appspot.com","object":"4337f6ec-90fd-4d4a-b65c-75e242f239e2.zip"}},"environmentVariables":{"GOOGLE_NODE_RUN_SCRIPTS":""}},"serviceConfig":{"environmentVariables":{"FIREBASE_CONFIG":"{\"projectId\":\"mymor-one\",\"databaseURL\":\"https://mymor-one-default-rtdb.firebaseio.com\",\"storageBucket\":\"mymor-one.firebasestorage.app\"}","GCLOUD_PROJECT":"mymor-one","EVENTARC_CLOUD_EVENT_SOURCE":"projects/mymor-one/locations/us-central1/services/sendVerificationCode","FUNCTION_TARGET":"sendVerificationCode","LOG_EXECUTION_ID":"true"},"ingressSettings":null,"timeoutSeconds":null,"serviceAccountEmail":null,"availableMemory":"256Mi","minInstanceCount":null,"maxInstanceCount":null,"maxInstanceRequestConcurrency":80,"availableCpu":"1","vpcConnector":null,"vpcConnectorEgressSettings":null},"labels":{"deployment-tool":"cli-firebase","firebase-functions-hash":"5df467297cee44cd574bf5174b2a99ecec6ae274"}}
[debug] [2025-06-04T12:42:07.815Z] <<< [apiv2][status] PATCH https://cloudfunctions.googleapis.com/v2/projects/mymor-one/locations/us-central1/functions/sendVerificationCode 200
[debug] [2025-06-04T12:42:07.815Z] <<< [apiv2][body] PATCH https://cloudfunctions.googleapis.com/v2/projects/mymor-one/locations/us-central1/functions/sendVerificationCode {"name":"projects/mymor-one/locations/us-central1/operations/operation-1749040926801-636be5323be74-c2232215-f8c6d4bc","metadata":{"@type":"type.googleapis.com/google.cloud.functions.v2.OperationMetadata","createTime":"2025-06-04T12:42:07.726298221Z","target":"projects/mymor-one/locations/us-central1/functions/sendVerificationCode","verb":"update","cancelRequested":false,"apiVersion":"v2"},"done":false}
[debug] [2025-06-04T12:42:07.816Z] Checked if tokens are valid: true, expires at: 1749043869902
[debug] [2025-06-04T12:42:07.816Z] Checked if tokens are valid: true, expires at: 1749043869902
[debug] [2025-06-04T12:42:07.816Z] >>> [apiv2][query] GET https://cloudfunctions.googleapis.com/v2/projects/mymor-one/locations/us-central1/operations/operation-1749040926801-636be5323be74-c2232215-f8c6d4bc [none]
[debug] [2025-06-04T12:42:09.198Z] <<< [apiv2][status] GET https://cloudfunctions.googleapis.com/v2/projects/mymor-one/locations/us-central1/operations/operation-1749040926801-636be5323be74-c2232215-f8c6d4bc 200
[debug] [2025-06-04T12:42:09.199Z] <<< [apiv2][body] GET https://cloudfunctions.googleapis.com/v2/projects/mymor-one/locations/us-central1/operations/operation-1749040926801-636be5323be74-c2232215-f8c6d4bc {"name":"projects/mymor-one/locations/us-central1/operations/operation-1749040926801-636be5323be74-c2232215-f8c6d4bc","metadata":{"@type":"type.googleapis.com/google.cloud.functions.v2.OperationMetadata","createTime":"2025-06-04T12:42:07.726298221Z","target":"projects/mymor-one/locations/us-central1/functions/sendVerificationCode","verb":"update","cancelRequested":false,"apiVersion":"v2","requestResource":{"@type":"type.googleapis.com/google.cloud.functions.v2.Function","name":"projects/mymor-one/locations/us-central1/functions/sendVerificationCode","buildConfig":{"runtime":"nodejs22","entryPoint":"sendVerificationCode","source":{"storageSource":{"bucket":"gcf-v2-sources-368272892719-us-central1","object":"sendVerificationCode/function-source.zip","generation":"1749040927665656"}},"environmentVariables":{"GOOGLE_NODE_RUN_SCRIPTS":""},"dockerRepository":"projects/mymor-one/locations/us-central1/repositories/gcf-artifacts","sourceProvenance":{"resolvedStorageSource":{"bucket":"gcf-v2-sources-368272892719-us-central1","object":"sendVerificationCode/function-source.zip","generation":"1749039126147183"}},"dockerRegistry":"ARTIFACT_REGISTRY","serviceAccount":"projects/mymor-one/serviceAccounts/368272892719-compute@developer.gserviceaccount.com","automaticUpdatePolicy":{}},"serviceConfig":{"service":"projects/mymor-one/locations/us-central1/services/sendverificationcode","timeoutSeconds":60,"environmentVariables":{"FIREBASE_CONFIG":"{\"projectId\":\"mymor-one\",\"databaseURL\":\"https://mymor-one-default-rtdb.firebaseio.com\",\"storageBucket\":\"mymor-one.firebasestorage.app\"}","GCLOUD_PROJECT":"mymor-one","EVENTARC_CLOUD_EVENT_SOURCE":"projects/mymor-one/locations/us-central1/services/sendVerificationCode","FUNCTION_TARGET":"sendVerificationCode","LOG_EXECUTION_ID":"true"},"ingressSettings":"ALLOW_ALL","uri":"https://sendverificationcode-t7rglv43ba-uc.a.run.app","serviceAccountEmail":"368272892719-compute@developer.gserviceaccount.com","availableMemory":"256Mi","allTrafficOnLatestRevision":true,"revision":"sendverificationcode-00002-yeb","maxInstanceRequestConcurrency":80,"availableCpu":"1"},"state":"ACTIVE","labels":{"deployment-tool":"cli-firebase","firebase-functions-hash":"5df467297cee44cd574bf5174b2a99ecec6ae274"},"environment":"GEN_2","url":"https://us-central1-mymor-one.cloudfunctions.net/sendVerificationCode","satisfiesPzi":true},"stages":[{"name":"BUILD","message":"Build in progress","state":"IN_PROGRESS","resource":"projects/368272892719/locations/us-central1/builds/86dc9dcf-07d2-47e9-be8a-f1d0306e554c","resourceUri":"https://console.cloud.google.com/cloud-build/builds;region=us-central1/86dc9dcf-07d2-47e9-be8a-f1d0306e554c?project=368272892719"},{"name":"SERVICE","state":"NOT_STARTED"}],"operationType":"UPDATE_FUNCTION","buildName":"projects/368272892719/locations/us-central1/builds/86dc9dcf-07d2-47e9-be8a-f1d0306e554c"},"done":false}
[debug] [2025-06-04T12:42:09.699Z] [update-default-us-central1-sendVerificationCode] Retrying task index 0
[debug] [2025-06-04T12:42:09.700Z] Checked if tokens are valid: true, expires at: 1749043869902
[debug] [2025-06-04T12:42:09.700Z] Checked if tokens are valid: true, expires at: 1749043869902
[debug] [2025-06-04T12:42:09.700Z] >>> [apiv2][query] GET https://cloudfunctions.googleapis.com/v2/projects/mymor-one/locations/us-central1/operations/operation-1749040926801-636be5323be74-c2232215-f8c6d4bc [none]
[debug] [2025-06-04T12:42:11.053Z] <<< [apiv2][status] GET https://cloudfunctions.googleapis.com/v2/projects/mymor-one/locations/us-central1/operations/operation-1749040926801-636be5323be74-c2232215-f8c6d4bc 200
[debug] [2025-06-04T12:42:11.053Z] <<< [apiv2][body] GET https://cloudfunctions.googleapis.com/v2/projects/mymor-one/locations/us-central1/operations/operation-1749040926801-636be5323be74-c2232215-f8c6d4bc {"name":"projects/mymor-one/locations/us-central1/operations/operation-1749040926801-636be5323be74-c2232215-f8c6d4bc","metadata":{"@type":"type.googleapis.com/google.cloud.functions.v2.OperationMetadata","createTime":"2025-06-04T12:42:07.726298221Z","target":"projects/mymor-one/locations/us-central1/functions/sendVerificationCode","verb":"update","cancelRequested":false,"apiVersion":"v2","requestResource":{"@type":"type.googleapis.com/google.cloud.functions.v2.Function","name":"projects/mymor-one/locations/us-central1/functions/sendVerificationCode","buildConfig":{"runtime":"nodejs22","entryPoint":"sendVerificationCode","source":{"storageSource":{"bucket":"gcf-v2-sources-368272892719-us-central1","object":"sendVerificationCode/function-source.zip","generation":"1749040927665656"}},"environmentVariables":{"GOOGLE_NODE_RUN_SCRIPTS":""},"dockerRepository":"projects/mymor-one/locations/us-central1/repositories/gcf-artifacts","sourceProvenance":{"resolvedStorageSource":{"bucket":"gcf-v2-sources-368272892719-us-central1","object":"sendVerificationCode/function-source.zip","generation":"1749039126147183"}},"dockerRegistry":"ARTIFACT_REGISTRY","serviceAccount":"projects/mymor-one/serviceAccounts/368272892719-compute@developer.gserviceaccount.com","automaticUpdatePolicy":{}},"serviceConfig":{"service":"projects/mymor-one/locations/us-central1/services/sendverificationcode","timeoutSeconds":60,"environmentVariables":{"FIREBASE_CONFIG":"{\"projectId\":\"mymor-one\",\"databaseURL\":\"https://mymor-one-default-rtdb.firebaseio.com\",\"storageBucket\":\"mymor-one.firebasestorage.app\"}","GCLOUD_PROJECT":"mymor-one","EVENTARC_CLOUD_EVENT_SOURCE":"projects/mymor-one/locations/us-central1/services/sendVerificationCode","FUNCTION_TARGET":"sendVerificationCode","LOG_EXECUTION_ID":"true"},"ingressSettings":"ALLOW_ALL","uri":"https://sendverificationcode-t7rglv43ba-uc.a.run.app","serviceAccountEmail":"368272892719-compute@developer.gserviceaccount.com","availableMemory":"256Mi","allTrafficOnLatestRevision":true,"revision":"sendverificationcode-00002-yeb","maxInstanceRequestConcurrency":80,"availableCpu":"1"},"state":"ACTIVE","labels":{"deployment-tool":"cli-firebase","firebase-functions-hash":"5df467297cee44cd574bf5174b2a99ecec6ae274"},"environment":"GEN_2","url":"https://us-central1-mymor-one.cloudfunctions.net/sendVerificationCode","satisfiesPzi":true},"stages":[{"name":"BUILD","message":"Build in progress","state":"IN_PROGRESS","resource":"projects/368272892719/locations/us-central1/builds/86dc9dcf-07d2-47e9-be8a-f1d0306e554c","resourceUri":"https://console.cloud.google.com/cloud-build/builds;region=us-central1/86dc9dcf-07d2-47e9-be8a-f1d0306e554c?project=368272892719"},{"name":"SERVICE","state":"NOT_STARTED"}],"operationType":"UPDATE_FUNCTION","buildName":"projects/368272892719/locations/us-central1/builds/86dc9dcf-07d2-47e9-be8a-f1d0306e554c"},"done":false}
[debug] [2025-06-04T12:42:12.054Z] [update-default-us-central1-sendVerificationCode] Retrying task index 0
[debug] [2025-06-04T12:42:12.054Z] Checked if tokens are valid: true, expires at: 1749043869902
[debug] [2025-06-04T12:42:12.054Z] Checked if tokens are valid: true, expires at: 1749043869902
[debug] [2025-06-04T12:42:12.054Z] >>> [apiv2][query] GET https://cloudfunctions.googleapis.com/v2/projects/mymor-one/locations/us-central1/operations/operation-1749040926801-636be5323be74-c2232215-f8c6d4bc [none]
[debug] [2025-06-04T12:42:13.446Z] <<< [apiv2][status] GET https://cloudfunctions.googleapis.com/v2/projects/mymor-one/locations/us-central1/operations/operation-1749040926801-636be5323be74-c2232215-f8c6d4bc 200
[debug] [2025-06-04T12:42:13.446Z] <<< [apiv2][body] GET https://cloudfunctions.googleapis.com/v2/projects/mymor-one/locations/us-central1/operations/operation-1749040926801-636be5323be74-c2232215-f8c6d4bc {"name":"projects/mymor-one/locations/us-central1/operations/operation-1749040926801-636be5323be74-c2232215-f8c6d4bc","metadata":{"@type":"type.googleapis.com/google.cloud.functions.v2.OperationMetadata","createTime":"2025-06-04T12:42:07.726298221Z","target":"projects/mymor-one/locations/us-central1/functions/sendVerificationCode","verb":"update","cancelRequested":false,"apiVersion":"v2","requestResource":{"@type":"type.googleapis.com/google.cloud.functions.v2.Function","name":"projects/mymor-one/locations/us-central1/functions/sendVerificationCode","buildConfig":{"runtime":"nodejs22","entryPoint":"sendVerificationCode","source":{"storageSource":{"bucket":"gcf-v2-sources-368272892719-us-central1","object":"sendVerificationCode/function-source.zip","generation":"1749040927665656"}},"environmentVariables":{"GOOGLE_NODE_RUN_SCRIPTS":""},"dockerRepository":"projects/mymor-one/locations/us-central1/repositories/gcf-artifacts","sourceProvenance":{"resolvedStorageSource":{"bucket":"gcf-v2-sources-368272892719-us-central1","object":"sendVerificationCode/function-source.zip","generation":"1749039126147183"}},"dockerRegistry":"ARTIFACT_REGISTRY","serviceAccount":"projects/mymor-one/serviceAccounts/368272892719-compute@developer.gserviceaccount.com","automaticUpdatePolicy":{}},"serviceConfig":{"service":"projects/mymor-one/locations/us-central1/services/sendverificationcode","timeoutSeconds":60,"environmentVariables":{"FIREBASE_CONFIG":"{\"projectId\":\"mymor-one\",\"databaseURL\":\"https://mymor-one-default-rtdb.firebaseio.com\",\"storageBucket\":\"mymor-one.firebasestorage.app\"}","GCLOUD_PROJECT":"mymor-one","EVENTARC_CLOUD_EVENT_SOURCE":"projects/mymor-one/locations/us-central1/services/sendVerificationCode","FUNCTION_TARGET":"sendVerificationCode","LOG_EXECUTION_ID":"true"},"ingressSettings":"ALLOW_ALL","uri":"https://sendverificationcode-t7rglv43ba-uc.a.run.app","serviceAccountEmail":"368272892719-compute@developer.gserviceaccount.com","availableMemory":"256Mi","allTrafficOnLatestRevision":true,"revision":"sendverificationcode-00002-yeb","maxInstanceRequestConcurrency":80,"availableCpu":"1"},"state":"ACTIVE","labels":{"deployment-tool":"cli-firebase","firebase-functions-hash":"5df467297cee44cd574bf5174b2a99ecec6ae274"},"environment":"GEN_2","url":"https://us-central1-mymor-one.cloudfunctions.net/sendVerificationCode","satisfiesPzi":true},"stages":[{"name":"BUILD","message":"Build in progress","state":"IN_PROGRESS","resource":"projects/368272892719/locations/us-central1/builds/86dc9dcf-07d2-47e9-be8a-f1d0306e554c","resourceUri":"https://console.cloud.google.com/cloud-build/builds;region=us-central1/86dc9dcf-07d2-47e9-be8a-f1d0306e554c?project=368272892719"},{"name":"SERVICE","state":"NOT_STARTED"}],"operationType":"UPDATE_FUNCTION","buildName":"projects/368272892719/locations/us-central1/builds/86dc9dcf-07d2-47e9-be8a-f1d0306e554c"},"done":false}
[debug] [2025-06-04T12:42:15.446Z] [update-default-us-central1-sendVerificationCode] Retrying task index 0
[debug] [2025-06-04T12:42:15.447Z] Checked if tokens are valid: true, expires at: 1749043869902
[debug] [2025-06-04T12:42:15.447Z] Checked if tokens are valid: true, expires at: 1749043869902
[debug] [2025-06-04T12:42:15.447Z] >>> [apiv2][query] GET https://cloudfunctions.googleapis.com/v2/projects/mymor-one/locations/us-central1/operations/operation-1749040926801-636be5323be74-c2232215-f8c6d4bc [none]
[debug] [2025-06-04T12:42:16.830Z] <<< [apiv2][status] GET https://cloudfunctions.googleapis.com/v2/projects/mymor-one/locations/us-central1/operations/operation-1749040926801-636be5323be74-c2232215-f8c6d4bc 200
[debug] [2025-06-04T12:42:16.830Z] <<< [apiv2][body] GET https://cloudfunctions.googleapis.com/v2/projects/mymor-one/locations/us-central1/operations/operation-1749040926801-636be5323be74-c2232215-f8c6d4bc {"name":"projects/mymor-one/locations/us-central1/operations/operation-1749040926801-636be5323be74-c2232215-f8c6d4bc","metadata":{"@type":"type.googleapis.com/google.cloud.functions.v2.OperationMetadata","createTime":"2025-06-04T12:42:07.726298221Z","target":"projects/mymor-one/locations/us-central1/functions/sendVerificationCode","verb":"update","cancelRequested":false,"apiVersion":"v2","requestResource":{"@type":"type.googleapis.com/google.cloud.functions.v2.Function","name":"projects/mymor-one/locations/us-central1/functions/sendVerificationCode","buildConfig":{"runtime":"nodejs22","entryPoint":"sendVerificationCode","source":{"storageSource":{"bucket":"gcf-v2-sources-368272892719-us-central1","object":"sendVerificationCode/function-source.zip","generation":"1749040927665656"}},"environmentVariables":{"GOOGLE_NODE_RUN_SCRIPTS":""},"dockerRepository":"projects/mymor-one/locations/us-central1/repositories/gcf-artifacts","sourceProvenance":{"resolvedStorageSource":{"bucket":"gcf-v2-sources-368272892719-us-central1","object":"sendVerificationCode/function-source.zip","generation":"1749039126147183"}},"dockerRegistry":"ARTIFACT_REGISTRY","serviceAccount":"projects/mymor-one/serviceAccounts/368272892719-compute@developer.gserviceaccount.com","automaticUpdatePolicy":{}},"serviceConfig":{"service":"projects/mymor-one/locations/us-central1/services/sendverificationcode","timeoutSeconds":60,"environmentVariables":{"FIREBASE_CONFIG":"{\"projectId\":\"mymor-one\",\"databaseURL\":\"https://mymor-one-default-rtdb.firebaseio.com\",\"storageBucket\":\"mymor-one.firebasestorage.app\"}","GCLOUD_PROJECT":"mymor-one","EVENTARC_CLOUD_EVENT_SOURCE":"projects/mymor-one/locations/us-central1/services/sendVerificationCode","FUNCTION_TARGET":"sendVerificationCode","LOG_EXECUTION_ID":"true"},"ingressSettings":"ALLOW_ALL","uri":"https://sendverificationcode-t7rglv43ba-uc.a.run.app","serviceAccountEmail":"368272892719-compute@developer.gserviceaccount.com","availableMemory":"256Mi","allTrafficOnLatestRevision":true,"revision":"sendverificationcode-00002-yeb","maxInstanceRequestConcurrency":80,"availableCpu":"1"},"state":"ACTIVE","labels":{"deployment-tool":"cli-firebase","firebase-functions-hash":"5df467297cee44cd574bf5174b2a99ecec6ae274"},"environment":"GEN_2","url":"https://us-central1-mymor-one.cloudfunctions.net/sendVerificationCode","satisfiesPzi":true},"stages":[{"name":"BUILD","message":"Build in progress","state":"IN_PROGRESS","resource":"projects/368272892719/locations/us-central1/builds/86dc9dcf-07d2-47e9-be8a-f1d0306e554c","resourceUri":"https://console.cloud.google.com/cloud-build/builds;region=us-central1/86dc9dcf-07d2-47e9-be8a-f1d0306e554c?project=368272892719"},{"name":"SERVICE","state":"NOT_STARTED"}],"operationType":"UPDATE_FUNCTION","buildName":"projects/368272892719/locations/us-central1/builds/86dc9dcf-07d2-47e9-be8a-f1d0306e554c"},"done":false}
[debug] [2025-06-04T12:42:20.831Z] [update-default-us-central1-sendVerificationCode] Retrying task index 0
[debug] [2025-06-04T12:42:20.831Z] Checked if tokens are valid: true, expires at: 1749043869902
[debug] [2025-06-04T12:42:20.831Z] Checked if tokens are valid: true, expires at: 1749043869902
[debug] [2025-06-04T12:42:20.831Z] >>> [apiv2][query] GET https://cloudfunctions.googleapis.com/v2/projects/mymor-one/locations/us-central1/operations/operation-1749040926801-636be5323be74-c2232215-f8c6d4bc [none]
[debug] [2025-06-04T12:42:22.259Z] <<< [apiv2][status] GET https://cloudfunctions.googleapis.com/v2/projects/mymor-one/locations/us-central1/operations/operation-1749040926801-636be5323be74-c2232215-f8c6d4bc 200
[debug] [2025-06-04T12:42:22.259Z] <<< [apiv2][body] GET https://cloudfunctions.googleapis.com/v2/projects/mymor-one/locations/us-central1/operations/operation-1749040926801-636be5323be74-c2232215-f8c6d4bc {"name":"projects/mymor-one/locations/us-central1/operations/operation-1749040926801-636be5323be74-c2232215-f8c6d4bc","metadata":{"@type":"type.googleapis.com/google.cloud.functions.v2.OperationMetadata","createTime":"2025-06-04T12:42:07.726298221Z","target":"projects/mymor-one/locations/us-central1/functions/sendVerificationCode","verb":"update","cancelRequested":false,"apiVersion":"v2","requestResource":{"@type":"type.googleapis.com/google.cloud.functions.v2.Function","name":"projects/mymor-one/locations/us-central1/functions/sendVerificationCode","buildConfig":{"runtime":"nodejs22","entryPoint":"sendVerificationCode","source":{"storageSource":{"bucket":"gcf-v2-sources-368272892719-us-central1","object":"sendVerificationCode/function-source.zip","generation":"1749040927665656"}},"environmentVariables":{"GOOGLE_NODE_RUN_SCRIPTS":""},"dockerRepository":"projects/mymor-one/locations/us-central1/repositories/gcf-artifacts","sourceProvenance":{"resolvedStorageSource":{"bucket":"gcf-v2-sources-368272892719-us-central1","object":"sendVerificationCode/function-source.zip","generation":"1749039126147183"}},"dockerRegistry":"ARTIFACT_REGISTRY","serviceAccount":"projects/mymor-one/serviceAccounts/368272892719-compute@developer.gserviceaccount.com","automaticUpdatePolicy":{}},"serviceConfig":{"service":"projects/mymor-one/locations/us-central1/services/sendverificationcode","timeoutSeconds":60,"environmentVariables":{"FIREBASE_CONFIG":"{\"projectId\":\"mymor-one\",\"databaseURL\":\"https://mymor-one-default-rtdb.firebaseio.com\",\"storageBucket\":\"mymor-one.firebasestorage.app\"}","GCLOUD_PROJECT":"mymor-one","EVENTARC_CLOUD_EVENT_SOURCE":"projects/mymor-one/locations/us-central1/services/sendVerificationCode","FUNCTION_TARGET":"sendVerificationCode","LOG_EXECUTION_ID":"true"},"ingressSettings":"ALLOW_ALL","uri":"https://sendverificationcode-t7rglv43ba-uc.a.run.app","serviceAccountEmail":"368272892719-compute@developer.gserviceaccount.com","availableMemory":"256Mi","allTrafficOnLatestRevision":true,"revision":"sendverificationcode-00002-yeb","maxInstanceRequestConcurrency":80,"availableCpu":"1"},"state":"ACTIVE","labels":{"deployment-tool":"cli-firebase","firebase-functions-hash":"5df467297cee44cd574bf5174b2a99ecec6ae274"},"environment":"GEN_2","url":"https://us-central1-mymor-one.cloudfunctions.net/sendVerificationCode","satisfiesPzi":true},"stages":[{"name":"BUILD","message":"Build in progress","state":"IN_PROGRESS","resource":"projects/368272892719/locations/us-central1/builds/86dc9dcf-07d2-47e9-be8a-f1d0306e554c","resourceUri":"https://console.cloud.google.com/cloud-build/builds;region=us-central1/86dc9dcf-07d2-47e9-be8a-f1d0306e554c?project=368272892719"},{"name":"SERVICE","state":"NOT_STARTED"}],"operationType":"UPDATE_FUNCTION","buildName":"projects/368272892719/locations/us-central1/builds/86dc9dcf-07d2-47e9-be8a-f1d0306e554c"},"done":false}
[debug] [2025-06-04T12:42:30.259Z] [update-default-us-central1-sendVerificationCode] Retrying task index 0
[debug] [2025-06-04T12:42:30.259Z] Checked if tokens are valid: true, expires at: 1749043869902
[debug] [2025-06-04T12:42:30.259Z] Checked if tokens are valid: true, expires at: 1749043869902
[debug] [2025-06-04T12:42:30.259Z] >>> [apiv2][query] GET https://cloudfunctions.googleapis.com/v2/projects/mymor-one/locations/us-central1/operations/operation-1749040926801-636be5323be74-c2232215-f8c6d4bc [none]
[debug] [2025-06-04T12:42:31.787Z] <<< [apiv2][status] GET https://cloudfunctions.googleapis.com/v2/projects/mymor-one/locations/us-central1/operations/operation-1749040926801-636be5323be74-c2232215-f8c6d4bc 200
[debug] [2025-06-04T12:42:31.787Z] <<< [apiv2][body] GET https://cloudfunctions.googleapis.com/v2/projects/mymor-one/locations/us-central1/operations/operation-1749040926801-636be5323be74-c2232215-f8c6d4bc {"name":"projects/mymor-one/locations/us-central1/operations/operation-1749040926801-636be5323be74-c2232215-f8c6d4bc","metadata":{"@type":"type.googleapis.com/google.cloud.functions.v2.OperationMetadata","createTime":"2025-06-04T12:42:07.726298221Z","target":"projects/mymor-one/locations/us-central1/functions/sendVerificationCode","verb":"update","cancelRequested":false,"apiVersion":"v2","requestResource":{"@type":"type.googleapis.com/google.cloud.functions.v2.Function","name":"projects/mymor-one/locations/us-central1/functions/sendVerificationCode","buildConfig":{"runtime":"nodejs22","entryPoint":"sendVerificationCode","source":{"storageSource":{"bucket":"gcf-v2-sources-368272892719-us-central1","object":"sendVerificationCode/function-source.zip","generation":"1749040927665656"}},"environmentVariables":{"GOOGLE_NODE_RUN_SCRIPTS":""},"dockerRepository":"projects/mymor-one/locations/us-central1/repositories/gcf-artifacts","sourceProvenance":{"resolvedStorageSource":{"bucket":"gcf-v2-sources-368272892719-us-central1","object":"sendVerificationCode/function-source.zip","generation":"1749039126147183"}},"dockerRegistry":"ARTIFACT_REGISTRY","serviceAccount":"projects/mymor-one/serviceAccounts/368272892719-compute@developer.gserviceaccount.com","automaticUpdatePolicy":{}},"serviceConfig":{"service":"projects/mymor-one/locations/us-central1/services/sendverificationcode","timeoutSeconds":60,"environmentVariables":{"FIREBASE_CONFIG":"{\"projectId\":\"mymor-one\",\"databaseURL\":\"https://mymor-one-default-rtdb.firebaseio.com\",\"storageBucket\":\"mymor-one.firebasestorage.app\"}","GCLOUD_PROJECT":"mymor-one","EVENTARC_CLOUD_EVENT_SOURCE":"projects/mymor-one/locations/us-central1/services/sendVerificationCode","FUNCTION_TARGET":"sendVerificationCode","LOG_EXECUTION_ID":"true"},"ingressSettings":"ALLOW_ALL","uri":"https://sendverificationcode-t7rglv43ba-uc.a.run.app","serviceAccountEmail":"368272892719-compute@developer.gserviceaccount.com","availableMemory":"256Mi","allTrafficOnLatestRevision":true,"revision":"sendverificationcode-00002-yeb","maxInstanceRequestConcurrency":80,"availableCpu":"1"},"state":"ACTIVE","labels":{"deployment-tool":"cli-firebase","firebase-functions-hash":"5df467297cee44cd574bf5174b2a99ecec6ae274"},"environment":"GEN_2","url":"https://us-central1-mymor-one.cloudfunctions.net/sendVerificationCode","satisfiesPzi":true},"stages":[{"name":"BUILD","message":"Build in progress","state":"IN_PROGRESS","resource":"projects/368272892719/locations/us-central1/builds/86dc9dcf-07d2-47e9-be8a-f1d0306e554c","resourceUri":"https://console.cloud.google.com/cloud-build/builds;region=us-central1/86dc9dcf-07d2-47e9-be8a-f1d0306e554c?project=368272892719"},{"name":"SERVICE","state":"NOT_STARTED"}],"operationType":"UPDATE_FUNCTION","buildName":"projects/368272892719/locations/us-central1/builds/86dc9dcf-07d2-47e9-be8a-f1d0306e554c"},"done":false}
[debug] [2025-06-04T12:42:41.789Z] [update-default-us-central1-sendVerificationCode] Retrying task index 0
[debug] [2025-06-04T12:42:41.790Z] Checked if tokens are valid: true, expires at: 1749043869902
[debug] [2025-06-04T12:42:41.790Z] Checked if tokens are valid: true, expires at: 1749043869902
[debug] [2025-06-04T12:42:41.790Z] >>> [apiv2][query] GET https://cloudfunctions.googleapis.com/v2/projects/mymor-one/locations/us-central1/operations/operation-1749040926801-636be5323be74-c2232215-f8c6d4bc [none]
[debug] [2025-06-04T12:42:43.292Z] <<< [apiv2][status] GET https://cloudfunctions.googleapis.com/v2/projects/mymor-one/locations/us-central1/operations/operation-1749040926801-636be5323be74-c2232215-f8c6d4bc 200
[debug] [2025-06-04T12:42:43.292Z] <<< [apiv2][body] GET https://cloudfunctions.googleapis.com/v2/projects/mymor-one/locations/us-central1/operations/operation-1749040926801-636be5323be74-c2232215-f8c6d4bc {"name":"projects/mymor-one/locations/us-central1/operations/operation-1749040926801-636be5323be74-c2232215-f8c6d4bc","metadata":{"@type":"type.googleapis.com/google.cloud.functions.v2.OperationMetadata","createTime":"2025-06-04T12:42:07.726298221Z","target":"projects/mymor-one/locations/us-central1/functions/sendVerificationCode","verb":"update","cancelRequested":false,"apiVersion":"v2","requestResource":{"@type":"type.googleapis.com/google.cloud.functions.v2.Function","name":"projects/mymor-one/locations/us-central1/functions/sendVerificationCode","buildConfig":{"runtime":"nodejs22","entryPoint":"sendVerificationCode","source":{"storageSource":{"bucket":"gcf-v2-sources-368272892719-us-central1","object":"sendVerificationCode/function-source.zip","generation":"1749040927665656"}},"environmentVariables":{"GOOGLE_NODE_RUN_SCRIPTS":""},"dockerRepository":"projects/mymor-one/locations/us-central1/repositories/gcf-artifacts","sourceProvenance":{"resolvedStorageSource":{"bucket":"gcf-v2-sources-368272892719-us-central1","object":"sendVerificationCode/function-source.zip","generation":"1749039126147183"}},"dockerRegistry":"ARTIFACT_REGISTRY","serviceAccount":"projects/mymor-one/serviceAccounts/368272892719-compute@developer.gserviceaccount.com","automaticUpdatePolicy":{}},"serviceConfig":{"service":"projects/mymor-one/locations/us-central1/services/sendverificationcode","timeoutSeconds":60,"environmentVariables":{"FIREBASE_CONFIG":"{\"projectId\":\"mymor-one\",\"databaseURL\":\"https://mymor-one-default-rtdb.firebaseio.com\",\"storageBucket\":\"mymor-one.firebasestorage.app\"}","GCLOUD_PROJECT":"mymor-one","EVENTARC_CLOUD_EVENT_SOURCE":"projects/mymor-one/locations/us-central1/services/sendVerificationCode","FUNCTION_TARGET":"sendVerificationCode","LOG_EXECUTION_ID":"true"},"ingressSettings":"ALLOW_ALL","uri":"https://sendverificationcode-t7rglv43ba-uc.a.run.app","serviceAccountEmail":"368272892719-compute@developer.gserviceaccount.com","availableMemory":"256Mi","allTrafficOnLatestRevision":true,"revision":"sendverificationcode-00002-yeb","maxInstanceRequestConcurrency":80,"availableCpu":"1"},"state":"ACTIVE","labels":{"deployment-tool":"cli-firebase","firebase-functions-hash":"5df467297cee44cd574bf5174b2a99ecec6ae274"},"environment":"GEN_2","url":"https://us-central1-mymor-one.cloudfunctions.net/sendVerificationCode","satisfiesPzi":true},"stages":[{"name":"BUILD","message":"Build in progress","state":"IN_PROGRESS","resource":"projects/368272892719/locations/us-central1/builds/86dc9dcf-07d2-47e9-be8a-f1d0306e554c","resourceUri":"https://console.cloud.google.com/cloud-build/builds;region=us-central1/86dc9dcf-07d2-47e9-be8a-f1d0306e554c?project=368272892719"},{"name":"SERVICE","state":"NOT_STARTED"}],"operationType":"UPDATE_FUNCTION","buildName":"projects/368272892719/locations/us-central1/builds/86dc9dcf-07d2-47e9-be8a-f1d0306e554c"},"done":false}
[debug] [2025-06-04T12:42:53.293Z] [update-default-us-central1-sendVerificationCode] Retrying task index 0
[debug] [2025-06-04T12:42:53.294Z] Checked if tokens are valid: true, expires at: 1749043869902
[debug] [2025-06-04T12:42:53.294Z] Checked if tokens are valid: true, expires at: 1749043869902
[debug] [2025-06-04T12:42:53.294Z] >>> [apiv2][query] GET https://cloudfunctions.googleapis.com/v2/projects/mymor-one/locations/us-central1/operations/operation-1749040926801-636be5323be74-c2232215-f8c6d4bc [none]
[debug] [2025-06-04T12:42:54.815Z] <<< [apiv2][status] GET https://cloudfunctions.googleapis.com/v2/projects/mymor-one/locations/us-central1/operations/operation-1749040926801-636be5323be74-c2232215-f8c6d4bc 200
[debug] [2025-06-04T12:42:54.815Z] <<< [apiv2][body] GET https://cloudfunctions.googleapis.com/v2/projects/mymor-one/locations/us-central1/operations/operation-1749040926801-636be5323be74-c2232215-f8c6d4bc {"name":"projects/mymor-one/locations/us-central1/operations/operation-1749040926801-636be5323be74-c2232215-f8c6d4bc","metadata":{"@type":"type.googleapis.com/google.cloud.functions.v2.OperationMetadata","createTime":"2025-06-04T12:42:07.726298221Z","target":"projects/mymor-one/locations/us-central1/functions/sendVerificationCode","verb":"update","cancelRequested":false,"apiVersion":"v2","requestResource":{"@type":"type.googleapis.com/google.cloud.functions.v2.Function","name":"projects/mymor-one/locations/us-central1/functions/sendVerificationCode","buildConfig":{"runtime":"nodejs22","entryPoint":"sendVerificationCode","source":{"storageSource":{"bucket":"gcf-v2-sources-368272892719-us-central1","object":"sendVerificationCode/function-source.zip","generation":"1749040927665656"}},"environmentVariables":{"GOOGLE_NODE_RUN_SCRIPTS":""},"dockerRepository":"projects/mymor-one/locations/us-central1/repositories/gcf-artifacts","sourceProvenance":{"resolvedStorageSource":{"bucket":"gcf-v2-sources-368272892719-us-central1","object":"sendVerificationCode/function-source.zip","generation":"1749039126147183"}},"dockerRegistry":"ARTIFACT_REGISTRY","serviceAccount":"projects/mymor-one/serviceAccounts/368272892719-compute@developer.gserviceaccount.com","automaticUpdatePolicy":{}},"serviceConfig":{"service":"projects/mymor-one/locations/us-central1/services/sendverificationcode","timeoutSeconds":60,"environmentVariables":{"FIREBASE_CONFIG":"{\"projectId\":\"mymor-one\",\"databaseURL\":\"https://mymor-one-default-rtdb.firebaseio.com\",\"storageBucket\":\"mymor-one.firebasestorage.app\"}","GCLOUD_PROJECT":"mymor-one","EVENTARC_CLOUD_EVENT_SOURCE":"projects/mymor-one/locations/us-central1/services/sendVerificationCode","FUNCTION_TARGET":"sendVerificationCode","LOG_EXECUTION_ID":"true"},"ingressSettings":"ALLOW_ALL","uri":"https://sendverificationcode-t7rglv43ba-uc.a.run.app","serviceAccountEmail":"368272892719-compute@developer.gserviceaccount.com","availableMemory":"256Mi","allTrafficOnLatestRevision":true,"revision":"sendverificationcode-00002-yeb","maxInstanceRequestConcurrency":80,"availableCpu":"1"},"state":"ACTIVE","labels":{"deployment-tool":"cli-firebase","firebase-functions-hash":"5df467297cee44cd574bf5174b2a99ecec6ae274"},"environment":"GEN_2","url":"https://us-central1-mymor-one.cloudfunctions.net/sendVerificationCode","satisfiesPzi":true},"stages":[{"name":"BUILD","message":"Build finished","state":"COMPLETE","resource":"projects/368272892719/locations/us-central1/builds/86dc9dcf-07d2-47e9-be8a-f1d0306e554c","resourceUri":"https://console.cloud.google.com/cloud-build/builds;region=us-central1/86dc9dcf-07d2-47e9-be8a-f1d0306e554c?project=368272892719"},{"name":"SERVICE","message":"Updating Cloud Run service","state":"IN_PROGRESS","resource":"projects/mymor-one/locations/us-central1/services/sendverificationcode","resourceUri":"https://console.cloud.google.com/run/detail/us-central1/sendverificationcode?project=mymor-one","stateMessages":[{"severity":"INFO","type":"CloudRunServiceNewRevisionTrafficInfo","message":"A new revision will be deployed serving with 100% traffic."}]}],"sourceToken":"Cldwcm9qZWN0cy8zNjgyNzI4OTI3MTkvbG9jYXRpb25zL3VzLWNlbnRyYWwxL2J1aWxkcy84NmRjOWRjZi0wN2QyLTQ3ZTktYmU4YS1mMWQwMzA2ZTU1NGMSbXVzLWNlbnRyYWwxLWRvY2tlci5wa2cuZGV2L215bW9yLW9uZS9nY2YtYXJ0aWZhY3RzL215bW9yLS1vbmVfX3VzLS1jZW50cmFsMV9fc2VuZF92ZXJpZmljYXRpb25fY29kZTp2ZXJzaW9uXzEYr8aZ9tsKIkdwcm9qZWN0cy9teW1vci1vbmUvbG9jYXRpb25zL3VzLWNlbnRyYWwxL2Z1bmN0aW9ucy9zZW5kVmVyaWZpY2F0aW9uQ29kZSoMCMz+gMIGELiH/rADMghub2RlanMyMjp2CiNnY3IuaW8vZ2FlLXJ1bnRpbWVzL25vZGVqczIyOnN0YWJsZRJPdXMtY2VudHJhbDEtZG9ja2VyLnBrZy5kZXYvc2VydmVybGVzcy1ydW50aW1lcy9nb29nbGUtMjItZnVsbC9ydW50aW1lcy9ub2RlanMyMkAB","operationType":"UPDATE_FUNCTION","buildName":"projects/368272892719/locations/us-central1/builds/86dc9dcf-07d2-47e9-be8a-f1d0306e554c"},"done":false}
[debug] [2025-06-04T12:42:54.815Z] Got source token Cldwcm9qZWN0cy8zNjgyNzI4OTI3MTkvbG9jYXRpb25zL3VzLWNlbnRyYWwxL2J1aWxkcy84NmRjOWRjZi0wN2QyLTQ3ZTktYmU4YS1mMWQwMzA2ZTU1NGMSbXVzLWNlbnRyYWwxLWRvY2tlci5wa2cuZGV2L215bW9yLW9uZS9nY2YtYXJ0aWZhY3RzL215bW9yLS1vbmVfX3VzLS1jZW50cmFsMV9fc2VuZF92ZXJpZmljYXRpb25fY29kZTp2ZXJzaW9uXzEYr8aZ9tsKIkdwcm9qZWN0cy9teW1vci1vbmUvbG9jYXRpb25zL3VzLWNlbnRyYWwxL2Z1bmN0aW9ucy9zZW5kVmVyaWZpY2F0aW9uQ29kZSoMCMz+gMIGELiH/rADMghub2RlanMyMjp2CiNnY3IuaW8vZ2FlLXJ1bnRpbWVzL25vZGVqczIyOnN0YWJsZRJPdXMtY2VudHJhbDEtZG9ja2VyLnBrZy5kZXYvc2VydmVybGVzcy1ydW50aW1lcy9nb29nbGUtMjItZnVsbC9ydW50aW1lcy9ub2RlanMyMkAB for region us-central1
[debug] [2025-06-04T12:43:04.815Z] [update-default-us-central1-sendVerificationCode] Retrying task index 0
[debug] [2025-06-04T12:43:04.815Z] Checked if tokens are valid: true, expires at: 1749043869902
[debug] [2025-06-04T12:43:04.816Z] Checked if tokens are valid: true, expires at: 1749043869902
[debug] [2025-06-04T12:43:04.816Z] >>> [apiv2][query] GET https://cloudfunctions.googleapis.com/v2/projects/mymor-one/locations/us-central1/operations/operation-1749040926801-636be5323be74-c2232215-f8c6d4bc [none]
[debug] [2025-06-04T12:43:06.463Z] <<< [apiv2][status] GET https://cloudfunctions.googleapis.com/v2/projects/mymor-one/locations/us-central1/operations/operation-1749040926801-636be5323be74-c2232215-f8c6d4bc 200
[debug] [2025-06-04T12:43:06.463Z] <<< [apiv2][body] GET https://cloudfunctions.googleapis.com/v2/projects/mymor-one/locations/us-central1/operations/operation-1749040926801-636be5323be74-c2232215-f8c6d4bc {"name":"projects/mymor-one/locations/us-central1/operations/operation-1749040926801-636be5323be74-c2232215-f8c6d4bc","metadata":{"@type":"type.googleapis.com/google.cloud.functions.v2.OperationMetadata","createTime":"2025-06-04T12:42:07.726298221Z","endTime":"2025-06-04T12:43:01.329178565Z","target":"projects/mymor-one/locations/us-central1/functions/sendVerificationCode","verb":"update","cancelRequested":false,"apiVersion":"v2","requestResource":{"@type":"type.googleapis.com/google.cloud.functions.v2.Function","name":"projects/mymor-one/locations/us-central1/functions/sendVerificationCode","buildConfig":{"runtime":"nodejs22","entryPoint":"sendVerificationCode","source":{"storageSource":{"bucket":"gcf-v2-sources-368272892719-us-central1","object":"sendVerificationCode/function-source.zip","generation":"1749040927665656"}},"environmentVariables":{"GOOGLE_NODE_RUN_SCRIPTS":""},"dockerRepository":"projects/mymor-one/locations/us-central1/repositories/gcf-artifacts","sourceProvenance":{"resolvedStorageSource":{"bucket":"gcf-v2-sources-368272892719-us-central1","object":"sendVerificationCode/function-source.zip","generation":"1749039126147183"}},"dockerRegistry":"ARTIFACT_REGISTRY","serviceAccount":"projects/mymor-one/serviceAccounts/368272892719-compute@developer.gserviceaccount.com","automaticUpdatePolicy":{}},"serviceConfig":{"service":"projects/mymor-one/locations/us-central1/services/sendverificationcode","timeoutSeconds":60,"environmentVariables":{"FIREBASE_CONFIG":"{\"projectId\":\"mymor-one\",\"databaseURL\":\"https://mymor-one-default-rtdb.firebaseio.com\",\"storageBucket\":\"mymor-one.firebasestorage.app\"}","GCLOUD_PROJECT":"mymor-one","EVENTARC_CLOUD_EVENT_SOURCE":"projects/mymor-one/locations/us-central1/services/sendVerificationCode","FUNCTION_TARGET":"sendVerificationCode","LOG_EXECUTION_ID":"true"},"ingressSettings":"ALLOW_ALL","uri":"https://sendverificationcode-t7rglv43ba-uc.a.run.app","serviceAccountEmail":"368272892719-compute@developer.gserviceaccount.com","availableMemory":"256Mi","allTrafficOnLatestRevision":true,"revision":"sendverificationcode-00002-yeb","maxInstanceRequestConcurrency":80,"availableCpu":"1"},"state":"ACTIVE","labels":{"deployment-tool":"cli-firebase","firebase-functions-hash":"5df467297cee44cd574bf5174b2a99ecec6ae274"},"environment":"GEN_2","url":"https://us-central1-mymor-one.cloudfunctions.net/sendVerificationCode","satisfiesPzi":true},"stages":[{"name":"BUILD","message":"Build finished","state":"COMPLETE","resource":"projects/368272892719/locations/us-central1/builds/86dc9dcf-07d2-47e9-be8a-f1d0306e554c","resourceUri":"https://console.cloud.google.com/cloud-build/builds;region=us-central1/86dc9dcf-07d2-47e9-be8a-f1d0306e554c?project=368272892719"},{"name":"SERVICE","message":"Updating Cloud Run service","state":"COMPLETE","resource":"projects/mymor-one/locations/us-central1/services/sendverificationcode","resourceUri":"https://console.cloud.google.com/run/detail/us-central1/sendverificationcode?project=mymor-one","stateMessages":[{"severity":"INFO","type":"CloudRunServiceNewRevisionTrafficInfo","message":"A new revision will be deployed serving with 100% traffic."}]}],"sourceToken":"Cldwcm9qZWN0cy8zNjgyNzI4OTI3MTkvbG9jYXRpb25zL3VzLWNlbnRyYWwxL2J1aWxkcy84NmRjOWRjZi0wN2QyLTQ3ZTktYmU4YS1mMWQwMzA2ZTU1NGMSbXVzLWNlbnRyYWwxLWRvY2tlci5wa2cuZGV2L215bW9yLW9uZS9nY2YtYXJ0aWZhY3RzL215bW9yLS1vbmVfX3VzLS1jZW50cmFsMV9fc2VuZF92ZXJpZmljYXRpb25fY29kZTp2ZXJzaW9uXzEYr8aZ9tsKIkdwcm9qZWN0cy9teW1vci1vbmUvbG9jYXRpb25zL3VzLWNlbnRyYWwxL2Z1bmN0aW9ucy9zZW5kVmVyaWZpY2F0aW9uQ29kZSoMCMz+gMIGELiH/rADMghub2RlanMyMjp2CiNnY3IuaW8vZ2FlLXJ1bnRpbWVzL25vZGVqczIyOnN0YWJsZRJPdXMtY2VudHJhbDEtZG9ja2VyLnBrZy5kZXYvc2VydmVybGVzcy1ydW50aW1lcy9nb29nbGUtMjItZnVsbC9ydW50aW1lcy9ub2RlanMyMkAB","operationType":"UPDATE_FUNCTION","buildName":"projects/368272892719/locations/us-central1/builds/86dc9dcf-07d2-47e9-be8a-f1d0306e554c"},"done":true,"response":{"@type":"type.googleapis.com/google.cloud.functions.v2.Function","name":"projects/mymor-one/locations/us-central1/functions/sendVerificationCode","buildConfig":{"build":"projects/368272892719/locations/us-central1/builds/86dc9dcf-07d2-47e9-be8a-f1d0306e554c","runtime":"nodejs22","entryPoint":"sendVerificationCode","source":{"storageSource":{"bucket":"gcf-v2-sources-368272892719-us-central1","object":"sendVerificationCode/function-source.zip","generation":"1749040927665656"}},"environmentVariables":{"GOOGLE_NODE_RUN_SCRIPTS":""},"dockerRepository":"projects/mymor-one/locations/us-central1/repositories/gcf-artifacts","sourceProvenance":{"resolvedStorageSource":{"bucket":"gcf-v2-sources-368272892719-us-central1","object":"sendVerificationCode/function-source.zip","generation":"1749040927665656"}},"dockerRegistry":"ARTIFACT_REGISTRY","serviceAccount":"projects/mymor-one/serviceAccounts/368272892719-compute@developer.gserviceaccount.com","automaticUpdatePolicy":{}},"serviceConfig":{"service":"projects/mymor-one/locations/us-central1/services/sendverificationcode","timeoutSeconds":60,"environmentVariables":{"FIREBASE_CONFIG":"{\"projectId\":\"mymor-one\",\"databaseURL\":\"https://mymor-one-default-rtdb.firebaseio.com\",\"storageBucket\":\"mymor-one.firebasestorage.app\"}","GCLOUD_PROJECT":"mymor-one","EVENTARC_CLOUD_EVENT_SOURCE":"projects/mymor-one/locations/us-central1/services/sendVerificationCode","FUNCTION_TARGET":"sendVerificationCode","LOG_EXECUTION_ID":"true"},"maxInstanceCount":40,"ingressSettings":"ALLOW_ALL","uri":"https://sendverificationcode-t7rglv43ba-uc.a.run.app","serviceAccountEmail":"368272892719-compute@developer.gserviceaccount.com","availableMemory":"256Mi","allTrafficOnLatestRevision":true,"revision":"sendverificationcode-00003-kup","maxInstanceRequestConcurrency":80,"availableCpu":"1"},"state":"ACTIVE","updateTime":"2025-06-04T12:42:07.729287325Z","labels":{"deployment-tool":"cli-firebase","firebase-functions-hash":"5df467297cee44cd574bf5174b2a99ecec6ae274"},"environment":"GEN_2","url":"https://us-central1-mymor-one.cloudfunctions.net/sendVerificationCode","createTime":"2025-05-29T05:31:57.206810301Z","satisfiesPzi":true}}
[debug] [2025-06-04T12:43:06.463Z] Got source token Cldwcm9qZWN0cy8zNjgyNzI4OTI3MTkvbG9jYXRpb25zL3VzLWNlbnRyYWwxL2J1aWxkcy84NmRjOWRjZi0wN2QyLTQ3ZTktYmU4YS1mMWQwMzA2ZTU1NGMSbXVzLWNlbnRyYWwxLWRvY2tlci5wa2cuZGV2L215bW9yLW9uZS9nY2YtYXJ0aWZhY3RzL215bW9yLS1vbmVfX3VzLS1jZW50cmFsMV9fc2VuZF92ZXJpZmljYXRpb25fY29kZTp2ZXJzaW9uXzEYr8aZ9tsKIkdwcm9qZWN0cy9teW1vci1vbmUvbG9jYXRpb25zL3VzLWNlbnRyYWwxL2Z1bmN0aW9ucy9zZW5kVmVyaWZpY2F0aW9uQ29kZSoMCMz+gMIGELiH/rADMghub2RlanMyMjp2CiNnY3IuaW8vZ2FlLXJ1bnRpbWVzL25vZGVqczIyOnN0YWJsZRJPdXMtY2VudHJhbDEtZG9ja2VyLnBrZy5kZXYvc2VydmVybGVzcy1ydW50aW1lcy9nb29nbGUtMjItZnVsbC9ydW50aW1lcy9ub2RlanMyMkAB for region us-central1
[info] ✔  functions[sendVerificationCode(us-central1)] Successful update operation. 
[debug] [2025-06-04T12:43:06.468Z] Total Function Deployment time: 79569
[debug] [2025-06-04T12:43:06.468Z] 2 Functions Deployed
[debug] [2025-06-04T12:43:06.468Z] 1 Functions Errored
[debug] [2025-06-04T12:43:06.468Z] 0 Function Deployments Aborted
[debug] [2025-06-04T12:43:06.468Z] Average Function Deployment time: 49095
[info] 
[info] Functions deploy had errors with the following functions:
	sendGroupMessageNotification(us-central1)
[info] Function URL (sendVerificationCode(us-central1)): https://sendverificationcode-t7rglv43ba-uc.a.run.app
[debug] [2025-06-04T12:43:07.083Z] Checked if tokens are valid: true, expires at: 1749043869902
[debug] [2025-06-04T12:43:07.083Z] Checked if tokens are valid: true, expires at: 1749043869902
[debug] [2025-06-04T12:43:07.083Z] >>> [apiv2][query] GET https://artifactregistry.googleapis.com/v1/projects/mymor-one/locations/us-central1/repositories/gcf-artifacts [none]
[debug] [2025-06-04T12:43:08.749Z] <<< [apiv2][status] GET https://artifactregistry.googleapis.com/v1/projects/mymor-one/locations/us-central1/repositories/gcf-artifacts 200
[debug] [2025-06-04T12:43:08.750Z] <<< [apiv2][body] GET https://artifactregistry.googleapis.com/v1/projects/mymor-one/locations/us-central1/repositories/gcf-artifacts {"name":"projects/mymor-one/locations/us-central1/repositories/gcf-artifacts","format":"DOCKER","description":"This repository is created and used by Cloud Functions for storing function docker images.","labels":{"goog-managed-by":"cloudfunctions"},"createTime":"2025-05-28T10:58:33.837780Z","updateTime":"2025-06-04T12:42:48.949180Z","mode":"STANDARD_REPOSITORY","cleanupPolicies":{"firebase-functions-cleanup":{"id":"firebase-functions-cleanup","action":"DELETE","condition":{"tagState":"ANY","olderThan":"86400s"}}},"sizeBytes":"109817890","vulnerabilityScanningConfig":{"lastEnableTime":"2025-05-28T10:58:24.935029822Z","enablementState":"SCANNING_DISABLED","enablementStateReason":"API containerscanning.googleapis.com is not enabled."},"satisfiesPzi":true,"registryUri":"us-central1-docker.pkg.dev/mymor-one/gcf-artifacts"}
[debug] [2025-06-04T12:43:08.750Z] Functions deploy failed.
[debug] [2025-06-04T12:43:08.750Z] {
  "endpoint": {
    "id": "sendGroupMessageNotification",
    "project": "mymor-one",
    "region": "us-central1",
    "entryPoint": "sendGroupMessageNotification",
    "platform": "gcfv2",
    "runtime": "nodejs22",
    "eventTrigger": {
      "eventType": "google.firebase.database.ref.v1.created",
      "retry": false,
      "eventFilters": {},
      "eventFilterPathPatterns": {
        "ref": "messages/{groupId}/{messageId}",
        "instance": "*"
      },
      "region": "us-central1"
    },
    "labels": {
      "deployment-tool": "cli-firebase"
    },
    "serviceAccount": null,
    "ingressSettings": null,
    "availableMemoryMb": null,
    "timeoutSeconds": null,
    "maxInstances": null,
    "minInstances": null,
    "concurrency": 80,
    "vpc": null,
    "environmentVariables": {
      "FIREBASE_CONFIG": "{\"projectId\":\"mymor-one\",\"databaseURL\":\"https://mymor-one-default-rtdb.firebaseio.com\",\"storageBucket\":\"mymor-one.firebasestorage.app\"}",
      "GCLOUD_PROJECT": "mymor-one",
      "EVENTARC_CLOUD_EVENT_SOURCE": "projects/mymor-one/locations/us-central1/services/sendGroupMessageNotification"
    },
    "codebase": "default",
    "cpu": 1,
    "targetedByOnly": false,
    "hash": "5df467297cee44cd574bf5174b2a99ecec6ae274"
  },
  "op": "create",
  "original": {
    "name": "FirebaseError",
    "children": [],
    "context": {
      "function": "projects/mymor-one/locations/us-central1/functions/sendGroupMessageNotification"
    },
    "exit": 1,
    "message": "Failed to create function projects/mymor-one/locations/us-central1/functions/sendGroupMessageNotification",
    "original": {
      "name": "FirebaseError",
      "children": [],
      "context": {
        "body": {
          "error": {
            "code": 400,
            "message": "Validation failed for trigger projects/mymor-one/locations/us-central1/triggers/sendgroupmessagenotification-649832: Invalid resource state for \"\": Permission denied while using the Eventarc Service Agent. If you recently started to use Eventarc, it may take a few minutes before all necessary permissions are propagated to the Service Agent. Otherwise, verify that it has Eventarc Service Agent role.",
            "status": "FAILED_PRECONDITION"
          }
        },
        "response": {
          "statusCode": 400
        }
      },
      "exit": 1,
      "message": "Request to https://cloudfunctions.googleapis.com/v2/projects/mymor-one/locations/us-central1/functions?functionId=sendGroupMessageNotification had HTTP Error: 400, Validation failed for trigger projects/mymor-one/locations/us-central1/triggers/sendgroupmessagenotification-649832: Invalid resource state for \"\": Permission denied while using the Eventarc Service Agent. If you recently started to use Eventarc, it may take a few minutes before all necessary permissions are propagated to the Service Agent. Otherwise, verify that it has Eventarc Service Agent role.",
      "status": 400
    },
    "status": 400,
    "code": 400
  }
}
[debug] [2025-06-04T12:43:08.874Z] Error: Failed to create function sendGroupMessageNotification in region us-central1
    at /usr/local/lib/node_modules/firebase-tools/lib/deploy/functions/release/fabricator.js:294:27
    at process.processTicksAndRejections (node:internal/process/task_queues:105:5)
    at async Fabricator.createV2Function (/usr/local/lib/node_modules/firebase-tools/lib/deploy/functions/release/fabricator.js:278:30)
    at async Fabricator.createEndpoint (/usr/local/lib/node_modules/firebase-tools/lib/deploy/functions/release/fabricator.js:137:13)
    at async handle (/usr/local/lib/node_modules/firebase-tools/lib/deploy/functions/release/fabricator.js:89:17)
[error] 
[error] Error: There was an error deploying functions
